Build output check failed:
    Regex: 'command[- ]line option .* is valid for .* but not for C'
    Output line: 'cc1: warning: command-line option ‘-Wnon-virtual-dtor’ is valid for C++/ObjC++ but not for C'
Compilation failed:
    source file: '/home/yun/opencv-4.1.0/build/opencv-4.8.1/build/CMakeFiles/CMakeTmp/src.c'
    check option: ' -fsigned-char -W -Wall -Wreturn-type  -Wnon-virtual-dtor'
===== BUILD LOG =====
Change Dir: /home/yun/opencv-4.1.0/build/opencv-4.8.1/build/CMakeFiles/CMakeTmp

Run Build Command(s):/usr/bin/gmake -f Makefile cmTC_b2990/fast && /usr/bin/gmake  -f CMakeFiles/cmTC_b2990.dir/build.make CMakeFiles/cmTC_b2990.dir/build
gmake[1]: Entering directory '/home/yun/opencv-4.1.0/build/opencv-4.8.1/build/CMakeFiles/CMakeTmp'
Building C object CMakeFiles/cmTC_b2990.dir/src.c.o
/usr/bin/cc   -O3 -DNDEBUG -fPIE    -fsigned-char -W -Wall -Wreturn-type  -Wnon-virtual-dtor -o CMakeFiles/cmTC_b2990.dir/src.c.o -c /home/yun/opencv-4.1.0/build/opencv-4.8.1/build/CMakeFiles/CMakeTmp/src.c
cc1: warning: command-line option ‘-Wnon-virtual-dtor’ is valid for C++/ObjC++ but not for C
/home/yun/opencv-4.1.0/build/opencv-4.8.1/build/CMakeFiles/CMakeTmp/src.c:1: warning: ignoring ‘#pragma  ’ [-Wunknown-pragmas]
    1 | #pragma
      | 
Linking C executable cmTC_b2990
/usr/bin/cmake -E cmake_link_script CMakeFiles/cmTC_b2990.dir/link.txt --verbose=1
/usr/bin/cc -O3 -DNDEBUG CMakeFiles/cmTC_b2990.dir/src.c.o -o cmTC_b2990 
gmake[1]: Leaving directory '/home/yun/opencv-4.1.0/build/opencv-4.8.1/build/CMakeFiles/CMakeTmp'


===== END =====

Build output check failed:
    Regex: 'command[- ]line option .* is valid for .* but not for C\+\+'
    Output line: 'cc1plus: warning: command-line option ‘-Wmissing-prototypes’ is valid for C/ObjC but not for C++'
Compilation failed:
    source file: '/home/yun/opencv-4.1.0/build/opencv-4.8.1/build/CMakeFiles/CMakeTmp/src.cxx'
    check option: ' -fsigned-char -W -Wall -Wreturn-type -Wnon-virtual-dtor -Waddress -Wsequence-point -Wformat -Wformat-security -Wmissing-declarations  -Wmissing-prototypes'
===== BUILD LOG =====
Change Dir: /home/yun/opencv-4.1.0/build/opencv-4.8.1/build/CMakeFiles/CMakeTmp

Run Build Command(s):/usr/bin/gmake -f Makefile cmTC_383f7/fast && /usr/bin/gmake  -f CMakeFiles/cmTC_383f7.dir/build.make CMakeFiles/cmTC_383f7.dir/build
gmake[1]: Entering directory '/home/yun/opencv-4.1.0/build/opencv-4.8.1/build/CMakeFiles/CMakeTmp'
Building CXX object CMakeFiles/cmTC_383f7.dir/src.cxx.o
/usr/bin/c++   -O3 -DNDEBUG -fPIE    -fsigned-char -W -Wall -Wreturn-type -Wnon-virtual-dtor -Waddress -Wsequence-point -Wformat -Wformat-security -Wmissing-declarations  -Wmissing-prototypes -std=c++11 -o CMakeFiles/cmTC_383f7.dir/src.cxx.o -c /home/yun/opencv-4.1.0/build/opencv-4.8.1/build/CMakeFiles/CMakeTmp/src.cxx
cc1plus: warning: command-line option ‘-Wmissing-prototypes’ is valid for C/ObjC but not for C++
/home/yun/opencv-4.1.0/build/opencv-4.8.1/build/CMakeFiles/CMakeTmp/src.cxx:1: warning: ignoring ‘#pragma  ’ [-Wunknown-pragmas]
    1 | #pragma
      | 
Linking CXX executable cmTC_383f7
/usr/bin/cmake -E cmake_link_script CMakeFiles/cmTC_383f7.dir/link.txt --verbose=1
/usr/bin/c++ -O3 -DNDEBUG CMakeFiles/cmTC_383f7.dir/src.cxx.o -o cmTC_383f7 
gmake[1]: Leaving directory '/home/yun/opencv-4.1.0/build/opencv-4.8.1/build/CMakeFiles/CMakeTmp'


===== END =====

Build output check failed:
    Regex: 'command[- ]line option .* is valid for .* but not for C\+\+'
    Output line: 'cc1plus: warning: command-line option ‘-Wstrict-prototypes’ is valid for C/ObjC but not for C++'
Compilation failed:
    source file: '/home/yun/opencv-4.1.0/build/opencv-4.8.1/build/CMakeFiles/CMakeTmp/src.cxx'
    check option: ' -fsigned-char -W -Wall -Wreturn-type -Wnon-virtual-dtor -Waddress -Wsequence-point -Wformat -Wformat-security -Wmissing-declarations  -Wstrict-prototypes'
===== BUILD LOG =====
Change Dir: /home/yun/opencv-4.1.0/build/opencv-4.8.1/build/CMakeFiles/CMakeTmp

Run Build Command(s):/usr/bin/gmake -f Makefile cmTC_810c0/fast && /usr/bin/gmake  -f CMakeFiles/cmTC_810c0.dir/build.make CMakeFiles/cmTC_810c0.dir/build
gmake[1]: Entering directory '/home/yun/opencv-4.1.0/build/opencv-4.8.1/build/CMakeFiles/CMakeTmp'
Building CXX object CMakeFiles/cmTC_810c0.dir/src.cxx.o
/usr/bin/c++   -O3 -DNDEBUG -fPIE    -fsigned-char -W -Wall -Wreturn-type -Wnon-virtual-dtor -Waddress -Wsequence-point -Wformat -Wformat-security -Wmissing-declarations  -Wstrict-prototypes -std=c++11 -o CMakeFiles/cmTC_810c0.dir/src.cxx.o -c /home/yun/opencv-4.1.0/build/opencv-4.8.1/build/CMakeFiles/CMakeTmp/src.cxx
cc1plus: warning: command-line option ‘-Wstrict-prototypes’ is valid for C/ObjC but not for C++
/home/yun/opencv-4.1.0/build/opencv-4.8.1/build/CMakeFiles/CMakeTmp/src.cxx:1: warning: ignoring ‘#pragma  ’ [-Wunknown-pragmas]
    1 | #pragma
      | 
Linking CXX executable cmTC_810c0
/usr/bin/cmake -E cmake_link_script CMakeFiles/cmTC_810c0.dir/link.txt --verbose=1
/usr/bin/c++ -O3 -DNDEBUG CMakeFiles/cmTC_810c0.dir/src.cxx.o -o cmTC_810c0 
gmake[1]: Leaving directory '/home/yun/opencv-4.1.0/build/opencv-4.8.1/build/CMakeFiles/CMakeTmp'


===== END =====

Build output check failed:
    Regex: 'command[- ]line option .* is valid for .* but not for C'
    Output line: 'cc1: warning: command-line option ‘-Wsign-promo’ is valid for C++/ObjC++ but not for C'
Compilation failed:
    source file: '/home/yun/opencv-4.1.0/build/opencv-4.8.1/build/CMakeFiles/CMakeTmp/src.c'
    check option: ' -fsigned-char -W -Wall -Wreturn-type -Waddress -Wsequence-point -Wformat -Wformat-security -Wmissing-declarations -Wmissing-prototypes -Wstrict-prototypes -Wundef -Winit-self -Wpointer-arith -Wshadow  -Wsign-promo'
===== BUILD LOG =====
Change Dir: /home/yun/opencv-4.1.0/build/opencv-4.8.1/build/CMakeFiles/CMakeTmp

Run Build Command(s):/usr/bin/gmake -f Makefile cmTC_175c8/fast && /usr/bin/gmake  -f CMakeFiles/cmTC_175c8.dir/build.make CMakeFiles/cmTC_175c8.dir/build
gmake[1]: Entering directory '/home/yun/opencv-4.1.0/build/opencv-4.8.1/build/CMakeFiles/CMakeTmp'
Building C object CMakeFiles/cmTC_175c8.dir/src.c.o
/usr/bin/cc   -O3 -DNDEBUG -fPIE    -fsigned-char -W -Wall -Wreturn-type -Waddress -Wsequence-point -Wformat -Wformat-security -Wmissing-declarations -Wmissing-prototypes -Wstrict-prototypes -Wundef -Winit-self -Wpointer-arith -Wshadow  -Wsign-promo -o CMakeFiles/cmTC_175c8.dir/src.c.o -c /home/yun/opencv-4.1.0/build/opencv-4.8.1/build/CMakeFiles/CMakeTmp/src.c
cc1: warning: command-line option ‘-Wsign-promo’ is valid for C++/ObjC++ but not for C
/home/yun/opencv-4.1.0/build/opencv-4.8.1/build/CMakeFiles/CMakeTmp/src.c:1: warning: ignoring ‘#pragma  ’ [-Wunknown-pragmas]
    1 | #pragma
      | 
Linking C executable cmTC_175c8
/usr/bin/cmake -E cmake_link_script CMakeFiles/cmTC_175c8.dir/link.txt --verbose=1
/usr/bin/cc -O3 -DNDEBUG CMakeFiles/cmTC_175c8.dir/src.c.o -o cmTC_175c8 
gmake[1]: Leaving directory '/home/yun/opencv-4.1.0/build/opencv-4.8.1/build/CMakeFiles/CMakeTmp'


===== END =====

Build output check failed:
    Regex: 'command[- ]line option .* is valid for .* but not for C'
    Output line: 'cc1: warning: command-line option ‘-Wsuggest-override’ is valid for C++/ObjC++ but not for C'
Compilation failed:
    source file: '/home/yun/opencv-4.1.0/build/opencv-4.8.1/build/CMakeFiles/CMakeTmp/src.c'
    check option: ' -fsigned-char -W -Wall -Wreturn-type -Waddress -Wsequence-point -Wformat -Wformat-security -Wmissing-declarations -Wmissing-prototypes -Wstrict-prototypes -Wundef -Winit-self -Wpointer-arith -Wshadow -Wuninitialized  -Wsuggest-override'
===== BUILD LOG =====
Change Dir: /home/yun/opencv-4.1.0/build/opencv-4.8.1/build/CMakeFiles/CMakeTmp

Run Build Command(s):/usr/bin/gmake -f Makefile cmTC_5f6d0/fast && /usr/bin/gmake  -f CMakeFiles/cmTC_5f6d0.dir/build.make CMakeFiles/cmTC_5f6d0.dir/build
gmake[1]: Entering directory '/home/yun/opencv-4.1.0/build/opencv-4.8.1/build/CMakeFiles/CMakeTmp'
Building C object CMakeFiles/cmTC_5f6d0.dir/src.c.o
/usr/bin/cc   -O3 -DNDEBUG -fPIE    -fsigned-char -W -Wall -Wreturn-type -Waddress -Wsequence-point -Wformat -Wformat-security -Wmissing-declarations -Wmissing-prototypes -Wstrict-prototypes -Wundef -Winit-self -Wpointer-arith -Wshadow -Wuninitialized  -Wsuggest-override -o CMakeFiles/cmTC_5f6d0.dir/src.c.o -c /home/yun/opencv-4.1.0/build/opencv-4.8.1/build/CMakeFiles/CMakeTmp/src.c
cc1: warning: command-line option ‘-Wsuggest-override’ is valid for C++/ObjC++ but not for C
/home/yun/opencv-4.1.0/build/opencv-4.8.1/build/CMakeFiles/CMakeTmp/src.c:1: warning: ignoring ‘#pragma  ’ [-Wunknown-pragmas]
    1 | #pragma
      | 
Linking C executable cmTC_5f6d0
/usr/bin/cmake -E cmake_link_script CMakeFiles/cmTC_5f6d0.dir/link.txt --verbose=1
/usr/bin/cc -O3 -DNDEBUG CMakeFiles/cmTC_5f6d0.dir/src.c.o -o cmTC_5f6d0 
gmake[1]: Leaving directory '/home/yun/opencv-4.1.0/build/opencv-4.8.1/build/CMakeFiles/CMakeTmp'


===== END =====

Build output check failed:
    Regex: 'command[- ]line option .* is valid for .* but not for C'
    Output line: 'cc1: warning: command-line option ‘-Wno-delete-non-virtual-dtor’ is valid for C++/ObjC++ but not for C'
Compilation failed:
    source file: '/home/yun/opencv-4.1.0/build/opencv-4.8.1/build/CMakeFiles/CMakeTmp/src.c'
    check option: ' -fsigned-char -W -Wall -Wreturn-type -Waddress -Wsequence-point -Wformat -Wformat-security -Wmissing-declarations -Wmissing-prototypes -Wstrict-prototypes -Wundef -Winit-self -Wpointer-arith -Wshadow -Wuninitialized  -Wno-delete-non-virtual-dtor'
===== BUILD LOG =====
Change Dir: /home/yun/opencv-4.1.0/build/opencv-4.8.1/build/CMakeFiles/CMakeTmp

Run Build Command(s):/usr/bin/gmake -f Makefile cmTC_abb48/fast && /usr/bin/gmake  -f CMakeFiles/cmTC_abb48.dir/build.make CMakeFiles/cmTC_abb48.dir/build
gmake[1]: Entering directory '/home/yun/opencv-4.1.0/build/opencv-4.8.1/build/CMakeFiles/CMakeTmp'
Building C object CMakeFiles/cmTC_abb48.dir/src.c.o
/usr/bin/cc   -O3 -DNDEBUG -fPIE    -fsigned-char -W -Wall -Wreturn-type -Waddress -Wsequence-point -Wformat -Wformat-security -Wmissing-declarations -Wmissing-prototypes -Wstrict-prototypes -Wundef -Winit-self -Wpointer-arith -Wshadow -Wuninitialized  -Wno-delete-non-virtual-dtor -o CMakeFiles/cmTC_abb48.dir/src.c.o -c /home/yun/opencv-4.1.0/build/opencv-4.8.1/build/CMakeFiles/CMakeTmp/src.c
cc1: warning: command-line option ‘-Wno-delete-non-virtual-dtor’ is valid for C++/ObjC++ but not for C
/home/yun/opencv-4.1.0/build/opencv-4.8.1/build/CMakeFiles/CMakeTmp/src.c:1: warning: ignoring ‘#pragma  ’ [-Wunknown-pragmas]
    1 | #pragma
      | 
Linking C executable cmTC_abb48
/usr/bin/cmake -E cmake_link_script CMakeFiles/cmTC_abb48.dir/link.txt --verbose=1
/usr/bin/cc -O3 -DNDEBUG CMakeFiles/cmTC_abb48.dir/src.c.o -o cmTC_abb48 
gmake[1]: Leaving directory '/home/yun/opencv-4.1.0/build/opencv-4.8.1/build/CMakeFiles/CMakeTmp'


===== END =====

Build output check failed:
    Regex: 'unrecognized .*option'
    Output line: 'cc1plus: note: unrecognized command-line option ‘-Wno-unnamed-type-template-args’ may have been intended to silence earlier diagnostics'
Compilation failed:
    source file: '/home/yun/opencv-4.1.0/build/opencv-4.8.1/build/CMakeFiles/CMakeTmp/src.cxx'
    check option: ' -fsigned-char -W -Wall -Wreturn-type -Wnon-virtual-dtor -Waddress -Wsequence-point -Wformat -Wformat-security -Wmissing-declarations -Wundef -Winit-self -Wpointer-arith -Wshadow -Wsign-promo -Wuninitialized -Wsuggest-override -Wno-delete-non-virtual-dtor  -Wno-unnamed-type-template-args'
===== BUILD LOG =====
Change Dir: /home/yun/opencv-4.1.0/build/opencv-4.8.1/build/CMakeFiles/CMakeTmp

Run Build Command(s):/usr/bin/gmake -f Makefile cmTC_335b9/fast && /usr/bin/gmake  -f CMakeFiles/cmTC_335b9.dir/build.make CMakeFiles/cmTC_335b9.dir/build
gmake[1]: Entering directory '/home/yun/opencv-4.1.0/build/opencv-4.8.1/build/CMakeFiles/CMakeTmp'
Building CXX object CMakeFiles/cmTC_335b9.dir/src.cxx.o
/usr/bin/c++   -O3 -DNDEBUG -fPIE    -fsigned-char -W -Wall -Wreturn-type -Wnon-virtual-dtor -Waddress -Wsequence-point -Wformat -Wformat-security -Wmissing-declarations -Wundef -Winit-self -Wpointer-arith -Wshadow -Wsign-promo -Wuninitialized -Wsuggest-override -Wno-delete-non-virtual-dtor  -Wno-unnamed-type-template-args -std=c++11 -o CMakeFiles/cmTC_335b9.dir/src.cxx.o -c /home/yun/opencv-4.1.0/build/opencv-4.8.1/build/CMakeFiles/CMakeTmp/src.cxx
/home/yun/opencv-4.1.0/build/opencv-4.8.1/build/CMakeFiles/CMakeTmp/src.cxx:1: warning: ignoring ‘#pragma  ’ [-Wunknown-pragmas]
    1 | #pragma
      | 
cc1plus: note: unrecognized command-line option ‘-Wno-unnamed-type-template-args’ may have been intended to silence earlier diagnostics
Linking CXX executable cmTC_335b9
/usr/bin/cmake -E cmake_link_script CMakeFiles/cmTC_335b9.dir/link.txt --verbose=1
/usr/bin/c++ -O3 -DNDEBUG CMakeFiles/cmTC_335b9.dir/src.cxx.o -o cmTC_335b9 
gmake[1]: Leaving directory '/home/yun/opencv-4.1.0/build/opencv-4.8.1/build/CMakeFiles/CMakeTmp'


===== END =====

Build output check failed:
    Regex: 'unrecognized .*option'
    Output line: 'cc1: note: unrecognized command-line option ‘-Wno-unnamed-type-template-args’ may have been intended to silence earlier diagnostics'
Compilation failed:
    source file: '/home/yun/opencv-4.1.0/build/opencv-4.8.1/build/CMakeFiles/CMakeTmp/src.c'
    check option: ' -fsigned-char -W -Wall -Wreturn-type -Waddress -Wsequence-point -Wformat -Wformat-security -Wmissing-declarations -Wmissing-prototypes -Wstrict-prototypes -Wundef -Winit-self -Wpointer-arith -Wshadow -Wuninitialized  -Wno-unnamed-type-template-args'
===== BUILD LOG =====
Change Dir: /home/yun/opencv-4.1.0/build/opencv-4.8.1/build/CMakeFiles/CMakeTmp

Run Build Command(s):/usr/bin/gmake -f Makefile cmTC_cd9c3/fast && /usr/bin/gmake  -f CMakeFiles/cmTC_cd9c3.dir/build.make CMakeFiles/cmTC_cd9c3.dir/build
gmake[1]: Entering directory '/home/yun/opencv-4.1.0/build/opencv-4.8.1/build/CMakeFiles/CMakeTmp'
Building C object CMakeFiles/cmTC_cd9c3.dir/src.c.o
/usr/bin/cc   -O3 -DNDEBUG -fPIE    -fsigned-char -W -Wall -Wreturn-type -Waddress -Wsequence-point -Wformat -Wformat-security -Wmissing-declarations -Wmissing-prototypes -Wstrict-prototypes -Wundef -Winit-self -Wpointer-arith -Wshadow -Wuninitialized  -Wno-unnamed-type-template-args -o CMakeFiles/cmTC_cd9c3.dir/src.c.o -c /home/yun/opencv-4.1.0/build/opencv-4.8.1/build/CMakeFiles/CMakeTmp/src.c
/home/yun/opencv-4.1.0/build/opencv-4.8.1/build/CMakeFiles/CMakeTmp/src.c:1: warning: ignoring ‘#pragma  ’ [-Wunknown-pragmas]
    1 | #pragma
      | 
cc1: note: unrecognized command-line option ‘-Wno-unnamed-type-template-args’ may have been intended to silence earlier diagnostics
Linking C executable cmTC_cd9c3
/usr/bin/cmake -E cmake_link_script CMakeFiles/cmTC_cd9c3.dir/link.txt --verbose=1
/usr/bin/cc -O3 -DNDEBUG CMakeFiles/cmTC_cd9c3.dir/src.c.o -o cmTC_cd9c3 
gmake[1]: Leaving directory '/home/yun/opencv-4.1.0/build/opencv-4.8.1/build/CMakeFiles/CMakeTmp'


===== END =====

Build output check failed:
    Regex: 'command[- ]line option .* is valid for .* but not for C'
    Output line: 'cc1: warning: command-line option ‘-fvisibility-inlines-hidden’ is valid for C++/ObjC++ but not for C'
Compilation failed:
    source file: '/home/yun/opencv-4.1.0/build/opencv-4.8.1/build/CMakeFiles/CMakeTmp/src.c'
    check option: ' -fsigned-char -W -Wall -Wreturn-type -Waddress -Wsequence-point -Wformat -Wformat-security -Wmissing-declarations -Wmissing-prototypes -Wstrict-prototypes -Wundef -Winit-self -Wpointer-arith -Wshadow -Wuninitialized -Wno-comment -Wimplicit-fallthrough=3 -Wno-strict-overflow -fdiagnostics-show-option -pthread -fomit-frame-pointer -ffunction-sections -fdata-sections    -fvisibility=hidden  -fvisibility-inlines-hidden'
===== BUILD LOG =====
Change Dir: /home/yun/opencv-4.1.0/build/opencv-4.8.1/build/CMakeFiles/CMakeTmp

Run Build Command(s):/usr/bin/gmake -f Makefile cmTC_be4d2/fast && /usr/bin/gmake  -f CMakeFiles/cmTC_be4d2.dir/build.make CMakeFiles/cmTC_be4d2.dir/build
gmake[1]: Entering directory '/home/yun/opencv-4.1.0/build/opencv-4.8.1/build/CMakeFiles/CMakeTmp'
Building C object CMakeFiles/cmTC_be4d2.dir/src.c.o
/usr/bin/cc   -O3 -DNDEBUG -fPIE    -fsigned-char -W -Wall -Wreturn-type -Waddress -Wsequence-point -Wformat -Wformat-security -Wmissing-declarations -Wmissing-prototypes -Wstrict-prototypes -Wundef -Winit-self -Wpointer-arith -Wshadow -Wuninitialized -Wno-comment -Wimplicit-fallthrough=3 -Wno-strict-overflow -fdiagnostics-show-option -pthread -fomit-frame-pointer -ffunction-sections -fdata-sections    -fvisibility=hidden  -fvisibility-inlines-hidden -o CMakeFiles/cmTC_be4d2.dir/src.c.o -c /home/yun/opencv-4.1.0/build/opencv-4.8.1/build/CMakeFiles/CMakeTmp/src.c
cc1: warning: command-line option ‘-fvisibility-inlines-hidden’ is valid for C++/ObjC++ but not for C
/home/yun/opencv-4.1.0/build/opencv-4.8.1/build/CMakeFiles/CMakeTmp/src.c:1: warning: ignoring ‘#pragma  ’ [-Wunknown-pragmas]
    1 | #pragma
      | 
Linking C executable cmTC_be4d2
/usr/bin/cmake -E cmake_link_script CMakeFiles/cmTC_be4d2.dir/link.txt --verbose=1
/usr/bin/cc -O3 -DNDEBUG CMakeFiles/cmTC_be4d2.dir/src.c.o -o cmTC_be4d2 
gmake[1]: Leaving directory '/home/yun/opencv-4.1.0/build/opencv-4.8.1/build/CMakeFiles/CMakeTmp'


===== END =====

Build output check failed:
    Regex: 'unrecognized .*option'
    Output line: 'cc1plus: note: unrecognized command-line option ‘-Wno-inconsistent-missing-override’ may have been intended to silence earlier diagnostics'
Compilation failed:
    source file: '/home/yun/opencv-4.1.0/build/opencv-4.8.1/build/CMakeFiles/CMakeTmp/src.cxx'
    check option: ' -Wno-inconsistent-missing-override'
===== BUILD LOG =====
Change Dir: /home/yun/opencv-4.1.0/build/opencv-4.8.1/build/CMakeFiles/CMakeTmp

Run Build Command(s):/usr/bin/gmake -f Makefile cmTC_6d44e/fast && /usr/bin/gmake  -f CMakeFiles/cmTC_6d44e.dir/build.make CMakeFiles/cmTC_6d44e.dir/build
gmake[1]: Entering directory '/home/yun/opencv-4.1.0/build/opencv-4.8.1/build/CMakeFiles/CMakeTmp'
Building CXX object CMakeFiles/cmTC_6d44e.dir/src.cxx.o
/usr/bin/c++   -fsigned-char -W -Wall -Wreturn-type -Wnon-virtual-dtor -Waddress -Wsequence-point -Wformat -Wformat-security -Winit-self -Wpointer-arith -Wsign-promo -Wno-delete-non-virtual-dtor -Wno-comment -Wimplicit-fallthrough=3 -Wno-strict-overflow -fdiagnostics-show-option -pthread -fomit-frame-pointer -ffunction-sections -fdata-sections    -fvisibility=hidden -fvisibility-inlines-hidden -Wno-shadow -Wno-unused -Wno-sign-compare -Wno-undef -Wno-missing-declarations -Wno-uninitialized -Wno-switch -Wno-parentheses -Wno-array-bounds -Wno-extra -Wno-deprecated-declarations -Wno-misleading-indentation -Wno-deprecated -Wno-suggest-override  -O3 -DNDEBUG  -DNDEBUG -fPIE    -Wno-inconsistent-missing-override -std=c++11 -o CMakeFiles/cmTC_6d44e.dir/src.cxx.o -c /home/yun/opencv-4.1.0/build/opencv-4.8.1/build/CMakeFiles/CMakeTmp/src.cxx
/home/yun/opencv-4.1.0/build/opencv-4.8.1/build/CMakeFiles/CMakeTmp/src.cxx:1: warning: ignoring ‘#pragma  ’ [-Wunknown-pragmas]
    1 | #pragma
      | 
cc1plus: note: unrecognized command-line option ‘-Wno-inconsistent-missing-override’ may have been intended to silence earlier diagnostics
Linking CXX executable cmTC_6d44e
/usr/bin/cmake -E cmake_link_script CMakeFiles/cmTC_6d44e.dir/link.txt --verbose=1
/usr/bin/c++    -fsigned-char -W -Wall -Wreturn-type -Wnon-virtual-dtor -Waddress -Wsequence-point -Wformat -Wformat-security -Winit-self -Wpointer-arith -Wsign-promo -Wno-delete-non-virtual-dtor -Wno-comment -Wimplicit-fallthrough=3 -Wno-strict-overflow -fdiagnostics-show-option -pthread -fomit-frame-pointer -ffunction-sections -fdata-sections    -fvisibility=hidden -fvisibility-inlines-hidden -Wno-shadow -Wno-unused -Wno-sign-compare -Wno-undef -Wno-missing-declarations -Wno-uninitialized -Wno-switch -Wno-parentheses -Wno-array-bounds -Wno-extra -Wno-deprecated-declarations -Wno-misleading-indentation -Wno-deprecated -Wno-suggest-override  -O3 -DNDEBUG  -DNDEBUG   -Wl,--gc-sections -Wl,--as-needed -Wl,--no-undefined  CMakeFiles/cmTC_6d44e.dir/src.cxx.o -o cmTC_6d44e 
gmake[1]: Leaving directory '/home/yun/opencv-4.1.0/build/opencv-4.8.1/build/CMakeFiles/CMakeTmp'


===== END =====

Build output check failed:
    Regex: 'command[- ]line option .* is valid for .* but not for C\+\+'
    Output line: 'cc1plus: warning: command-line option ‘-Wno-missing-prototypes’ is valid for C/ObjC but not for C++'
Compilation failed:
    source file: '/home/yun/opencv-4.1.0/build/opencv-4.8.1/build/CMakeFiles/CMakeTmp/src.cxx'
    check option: ' -Wno-missing-prototypes'
===== BUILD LOG =====
Change Dir: /home/yun/opencv-4.1.0/build/opencv-4.8.1/build/CMakeFiles/CMakeTmp

Run Build Command(s):/usr/bin/gmake -f Makefile cmTC_0e5cc/fast && /usr/bin/gmake  -f CMakeFiles/cmTC_0e5cc.dir/build.make CMakeFiles/cmTC_0e5cc.dir/build
gmake[1]: Entering directory '/home/yun/opencv-4.1.0/build/opencv-4.8.1/build/CMakeFiles/CMakeTmp'
Building CXX object CMakeFiles/cmTC_0e5cc.dir/src.cxx.o
/usr/bin/c++   -fsigned-char -W -Wall -Wreturn-type -Wnon-virtual-dtor -Waddress -Wsequence-point -Wformat -Wformat-security -Winit-self -Wpointer-arith -Wsign-promo -Wno-delete-non-virtual-dtor -Wno-comment -Wno-strict-overflow -fdiagnostics-show-option -pthread -fomit-frame-pointer -ffunction-sections -fdata-sections    -fvisibility=hidden -fvisibility-inlines-hidden -Wno-shadow -Wno-unused -Wno-sign-compare -Wno-undef -Wno-missing-declarations -Wno-uninitialized -Wno-switch -Wno-parentheses -Wno-array-bounds -Wno-extra -Wno-deprecated-declarations -Wno-misleading-indentation -Wno-deprecated -Wno-suggest-override -Wno-implicit-fallthrough -Wno-tautological-compare  -O3 -DNDEBUG  -DNDEBUG -fPIE    -Wno-missing-prototypes -std=c++11 -o CMakeFiles/cmTC_0e5cc.dir/src.cxx.o -c /home/yun/opencv-4.1.0/build/opencv-4.8.1/build/CMakeFiles/CMakeTmp/src.cxx
cc1plus: warning: command-line option ‘-Wno-missing-prototypes’ is valid for C/ObjC but not for C++
/home/yun/opencv-4.1.0/build/opencv-4.8.1/build/CMakeFiles/CMakeTmp/src.cxx:1: warning: ignoring ‘#pragma  ’ [-Wunknown-pragmas]
    1 | #pragma
      | 
Linking CXX executable cmTC_0e5cc
/usr/bin/cmake -E cmake_link_script CMakeFiles/cmTC_0e5cc.dir/link.txt --verbose=1
/usr/bin/c++    -fsigned-char -W -Wall -Wreturn-type -Wnon-virtual-dtor -Waddress -Wsequence-point -Wformat -Wformat-security -Winit-self -Wpointer-arith -Wsign-promo -Wno-delete-non-virtual-dtor -Wno-comment -Wno-strict-overflow -fdiagnostics-show-option -pthread -fomit-frame-pointer -ffunction-sections -fdata-sections    -fvisibility=hidden -fvisibility-inlines-hidden -Wno-shadow -Wno-unused -Wno-sign-compare -Wno-undef -Wno-missing-declarations -Wno-uninitialized -Wno-switch -Wno-parentheses -Wno-array-bounds -Wno-extra -Wno-deprecated-declarations -Wno-misleading-indentation -Wno-deprecated -Wno-suggest-override -Wno-implicit-fallthrough -Wno-tautological-compare  -O3 -DNDEBUG  -DNDEBUG   -Wl,--gc-sections -Wl,--as-needed -Wl,--no-undefined  CMakeFiles/cmTC_0e5cc.dir/src.cxx.o -o cmTC_0e5cc 
gmake[1]: Leaving directory '/home/yun/opencv-4.1.0/build/opencv-4.8.1/build/CMakeFiles/CMakeTmp'


===== END =====

Build output check failed:
    Regex: 'unrecognized .*option'
    Output line: 'cc1plus: note: unrecognized command-line option ‘-Wno-implicit-const-int-float-conversion’ may have been intended to silence earlier diagnostics'
Compilation failed:
    source file: '/home/yun/opencv-4.1.0/build/opencv-4.8.1/build/CMakeFiles/CMakeTmp/src.cxx'
    check option: ' -Wno-implicit-const-int-float-conversion'
===== BUILD LOG =====
Change Dir: /home/yun/opencv-4.1.0/build/opencv-4.8.1/build/CMakeFiles/CMakeTmp

Run Build Command(s):/usr/bin/gmake -f Makefile cmTC_1935c/fast && /usr/bin/gmake  -f CMakeFiles/cmTC_1935c.dir/build.make CMakeFiles/cmTC_1935c.dir/build
gmake[1]: Entering directory '/home/yun/opencv-4.1.0/build/opencv-4.8.1/build/CMakeFiles/CMakeTmp'
Building CXX object CMakeFiles/cmTC_1935c.dir/src.cxx.o
/usr/bin/c++   -fsigned-char -W -Wall -Wreturn-type -Wnon-virtual-dtor -Waddress -Wsequence-point -Wformat -Wformat-security -Winit-self -Wpointer-arith -Wsign-promo -Wno-delete-non-virtual-dtor -Wno-comment -Wno-strict-overflow -fdiagnostics-show-option -pthread -fomit-frame-pointer -ffunction-sections -fdata-sections    -fvisibility=hidden -fvisibility-inlines-hidden -Wno-shadow -Wno-unused -Wno-sign-compare -Wno-undef -Wno-missing-declarations -Wno-uninitialized -Wno-switch -Wno-parentheses -Wno-array-bounds -Wno-extra -Wno-deprecated-declarations -Wno-misleading-indentation -Wno-deprecated -Wno-suggest-override -Wno-implicit-fallthrough -Wno-tautological-compare -Wno-reorder -Wno-unused-result  -O3 -DNDEBUG  -DNDEBUG -fPIE    -Wno-implicit-const-int-float-conversion -std=c++11 -o CMakeFiles/cmTC_1935c.dir/src.cxx.o -c /home/yun/opencv-4.1.0/build/opencv-4.8.1/build/CMakeFiles/CMakeTmp/src.cxx
/home/yun/opencv-4.1.0/build/opencv-4.8.1/build/CMakeFiles/CMakeTmp/src.cxx:1: warning: ignoring ‘#pragma  ’ [-Wunknown-pragmas]
    1 | #pragma
      | 
cc1plus: note: unrecognized command-line option ‘-Wno-implicit-const-int-float-conversion’ may have been intended to silence earlier diagnostics
Linking CXX executable cmTC_1935c
/usr/bin/cmake -E cmake_link_script CMakeFiles/cmTC_1935c.dir/link.txt --verbose=1
/usr/bin/c++    -fsigned-char -W -Wall -Wreturn-type -Wnon-virtual-dtor -Waddress -Wsequence-point -Wformat -Wformat-security -Winit-self -Wpointer-arith -Wsign-promo -Wno-delete-non-virtual-dtor -Wno-comment -Wno-strict-overflow -fdiagnostics-show-option -pthread -fomit-frame-pointer -ffunction-sections -fdata-sections    -fvisibility=hidden -fvisibility-inlines-hidden -Wno-shadow -Wno-unused -Wno-sign-compare -Wno-undef -Wno-missing-declarations -Wno-uninitialized -Wno-switch -Wno-parentheses -Wno-array-bounds -Wno-extra -Wno-deprecated-declarations -Wno-misleading-indentation -Wno-deprecated -Wno-suggest-override -Wno-implicit-fallthrough -Wno-tautological-compare -Wno-reorder -Wno-unused-result  -O3 -DNDEBUG  -DNDEBUG   -Wl,--gc-sections -Wl,--as-needed -Wl,--no-undefined  CMakeFiles/cmTC_1935c.dir/src.cxx.o -o cmTC_1935c 
gmake[1]: Leaving directory '/home/yun/opencv-4.1.0/build/opencv-4.8.1/build/CMakeFiles/CMakeTmp'


===== END =====

Determining if the function sgemm_ exists failed with the following output:
Change Dir: /home/yun/opencv-4.1.0/build/opencv-4.8.1/build/CMakeFiles/CMakeScratch/TryCompile-IhmFnS

Run Build Command(s):/usr/bin/gmake -f Makefile cmTC_7a2ee/fast && /usr/bin/gmake  -f CMakeFiles/cmTC_7a2ee.dir/build.make CMakeFiles/cmTC_7a2ee.dir/build
gmake[1]: Entering directory '/home/yun/opencv-4.1.0/build/opencv-4.8.1/build/CMakeFiles/CMakeScratch/TryCompile-IhmFnS'
Building C object CMakeFiles/cmTC_7a2ee.dir/CheckFunctionExists.c.o
/usr/bin/cc   -fsigned-char -W -Wall -Wreturn-type -Waddress -Wsequence-point -Wformat -Wformat-security -Wmissing-declarations -Wmissing-prototypes -Wstrict-prototypes -Wundef -Winit-self -Wpointer-arith -Wshadow -Wuninitialized -Wno-comment -Wimplicit-fallthrough=3 -Wno-strict-overflow -fdiagnostics-show-option -pthread -fomit-frame-pointer -ffunction-sections -fdata-sections    -fvisibility=hidden -DCHECK_FUNCTION_EXISTS=sgemm_ -O3 -DNDEBUG  -DNDEBUG -fPIE -o CMakeFiles/cmTC_7a2ee.dir/CheckFunctionExists.c.o -c /home/yun/opencv-4.1.0/build/opencv-4.8.1/build/CMakeFiles/CMakeScratch/TryCompile-IhmFnS/CheckFunctionExists.c
Linking C executable cmTC_7a2ee
/usr/bin/cmake -E cmake_link_script CMakeFiles/cmTC_7a2ee.dir/link.txt --verbose=1
/usr/bin/cc    -fsigned-char -W -Wall -Wreturn-type -Waddress -Wsequence-point -Wformat -Wformat-security -Wmissing-declarations -Wmissing-prototypes -Wstrict-prototypes -Wundef -Winit-self -Wpointer-arith -Wshadow -Wuninitialized -Wno-comment -Wimplicit-fallthrough=3 -Wno-strict-overflow -fdiagnostics-show-option -pthread -fomit-frame-pointer -ffunction-sections -fdata-sections    -fvisibility=hidden -DCHECK_FUNCTION_EXISTS=sgemm_ -O3 -DNDEBUG  -DNDEBUG   -Wl,--gc-sections -Wl,--as-needed -Wl,--no-undefined  CMakeFiles/cmTC_7a2ee.dir/CheckFunctionExists.c.o -o cmTC_7a2ee 
/usr/bin/ld: CMakeFiles/cmTC_7a2ee.dir/CheckFunctionExists.c.o: in function `main':
CheckFunctionExists.c:(.text.startup.main+0x10): undefined reference to `sgemm_'
collect2: error: ld returned 1 exit status
gmake[1]: *** [CMakeFiles/cmTC_7a2ee.dir/build.make:99: cmTC_7a2ee] Error 1
gmake[1]: Leaving directory '/home/yun/opencv-4.1.0/build/opencv-4.8.1/build/CMakeFiles/CMakeScratch/TryCompile-IhmFnS'
gmake: *** [Makefile:127: cmTC_7a2ee/fast] Error 2



Determining if the function cheev_ exists failed with the following output:
Change Dir: /home/yun/opencv-4.1.0/build/opencv-4.8.1/build/CMakeFiles/CMakeScratch/TryCompile-mOHTfr

Run Build Command(s):/usr/bin/gmake -f Makefile cmTC_1af4e/fast && /usr/bin/gmake  -f CMakeFiles/cmTC_1af4e.dir/build.make CMakeFiles/cmTC_1af4e.dir/build
gmake[1]: Entering directory '/home/yun/opencv-4.1.0/build/opencv-4.8.1/build/CMakeFiles/CMakeScratch/TryCompile-mOHTfr'
Building C object CMakeFiles/cmTC_1af4e.dir/CheckFunctionExists.c.o
/usr/bin/cc   -fsigned-char -W -Wall -Wreturn-type -Waddress -Wsequence-point -Wformat -Wformat-security -Wmissing-declarations -Wmissing-prototypes -Wstrict-prototypes -Wundef -Winit-self -Wpointer-arith -Wshadow -Wuninitialized -Wno-comment -Wimplicit-fallthrough=3 -Wno-strict-overflow -fdiagnostics-show-option -pthread -fomit-frame-pointer -ffunction-sections -fdata-sections    -fvisibility=hidden -DCHECK_FUNCTION_EXISTS=cheev_ -O3 -DNDEBUG  -DNDEBUG -fPIE -o CMakeFiles/cmTC_1af4e.dir/CheckFunctionExists.c.o -c /home/yun/opencv-4.1.0/build/opencv-4.8.1/build/CMakeFiles/CMakeScratch/TryCompile-mOHTfr/CheckFunctionExists.c
Linking C executable cmTC_1af4e
/usr/bin/cmake -E cmake_link_script CMakeFiles/cmTC_1af4e.dir/link.txt --verbose=1
/usr/bin/cc    -fsigned-char -W -Wall -Wreturn-type -Waddress -Wsequence-point -Wformat -Wformat-security -Wmissing-declarations -Wmissing-prototypes -Wstrict-prototypes -Wundef -Winit-self -Wpointer-arith -Wshadow -Wuninitialized -Wno-comment -Wimplicit-fallthrough=3 -Wno-strict-overflow -fdiagnostics-show-option -pthread -fomit-frame-pointer -ffunction-sections -fdata-sections    -fvisibility=hidden -DCHECK_FUNCTION_EXISTS=cheev_ -O3 -DNDEBUG  -DNDEBUG   -Wl,--gc-sections -Wl,--as-needed -Wl,--no-undefined  CMakeFiles/cmTC_1af4e.dir/CheckFunctionExists.c.o -o cmTC_1af4e  /usr/lib/aarch64-linux-gnu/libblas.so /usr/lib/aarch64-linux-gnu/libf77blas.so /usr/lib/aarch64-linux-gnu/libatlas.so -lm -ldl 
/usr/bin/ld: CMakeFiles/cmTC_1af4e.dir/CheckFunctionExists.c.o: in function `main':
CheckFunctionExists.c:(.text.startup.main+0x10): undefined reference to `cheev_'
collect2: error: ld returned 1 exit status
gmake[1]: *** [CMakeFiles/cmTC_1af4e.dir/build.make:102: cmTC_1af4e] Error 1
gmake[1]: Leaving directory '/home/yun/opencv-4.1.0/build/opencv-4.8.1/build/CMakeFiles/CMakeScratch/TryCompile-mOHTfr'
gmake: *** [Makefile:127: cmTC_1af4e/fast] Error 2



Build output check failed:
    Regex: 'unrecognized .*option'
    Output line: 'cc1plus: note: unrecognized command-line option ‘-Wno-tautological-undefined-compare’ may have been intended to silence earlier diagnostics'
Compilation failed:
    source file: '/home/yun/opencv-4.1.0/build/opencv-4.8.1/build/CMakeFiles/CMakeTmp/src.cxx'
    check option: ' -Wno-tautological-undefined-compare'
===== BUILD LOG =====
Change Dir: /home/yun/opencv-4.1.0/build/opencv-4.8.1/build/CMakeFiles/CMakeTmp

Run Build Command(s):/usr/bin/gmake -f Makefile cmTC_d7463/fast && /usr/bin/gmake  -f CMakeFiles/cmTC_d7463.dir/build.make CMakeFiles/cmTC_d7463.dir/build
gmake[1]: Entering directory '/home/yun/opencv-4.1.0/build/opencv-4.8.1/build/CMakeFiles/CMakeTmp'
Building CXX object CMakeFiles/cmTC_d7463.dir/src.cxx.o
/usr/bin/c++   -fsigned-char -W -Wall -Wreturn-type -Wnon-virtual-dtor -Waddress -Wsequence-point -Wformat -Wformat-security -Winit-self -Wpointer-arith -Wuninitialized -Wsuggest-override -Wno-delete-non-virtual-dtor -Wno-comment -Wimplicit-fallthrough=3 -Wno-strict-overflow -fdiagnostics-show-option -pthread -fomit-frame-pointer -ffunction-sections -fdata-sections    -fvisibility=hidden -fvisibility-inlines-hidden -Wno-deprecated -Wno-missing-declarations -Wno-shadow -Wno-unused-parameter -Wno-unused-local-typedefs -Wno-sign-compare -Wno-sign-promo -Wno-undef  -O3 -DNDEBUG  -DNDEBUG -fPIE    -Wno-tautological-undefined-compare -std=c++11 -o CMakeFiles/cmTC_d7463.dir/src.cxx.o -c /home/yun/opencv-4.1.0/build/opencv-4.8.1/build/CMakeFiles/CMakeTmp/src.cxx
/home/yun/opencv-4.1.0/build/opencv-4.8.1/build/CMakeFiles/CMakeTmp/src.cxx:1: warning: ignoring ‘#pragma  ’ [-Wunknown-pragmas]
    1 | #pragma
      | 
cc1plus: note: unrecognized command-line option ‘-Wno-tautological-undefined-compare’ may have been intended to silence earlier diagnostics
Linking CXX executable cmTC_d7463
/usr/bin/cmake -E cmake_link_script CMakeFiles/cmTC_d7463.dir/link.txt --verbose=1
/usr/bin/c++    -fsigned-char -W -Wall -Wreturn-type -Wnon-virtual-dtor -Waddress -Wsequence-point -Wformat -Wformat-security -Winit-self -Wpointer-arith -Wuninitialized -Wsuggest-override -Wno-delete-non-virtual-dtor -Wno-comment -Wimplicit-fallthrough=3 -Wno-strict-overflow -fdiagnostics-show-option -pthread -fomit-frame-pointer -ffunction-sections -fdata-sections    -fvisibility=hidden -fvisibility-inlines-hidden -Wno-deprecated -Wno-missing-declarations -Wno-shadow -Wno-unused-parameter -Wno-unused-local-typedefs -Wno-sign-compare -Wno-sign-promo -Wno-undef  -O3 -DNDEBUG  -DNDEBUG   -Wl,--gc-sections -Wl,--as-needed -Wl,--no-undefined  CMakeFiles/cmTC_d7463.dir/src.cxx.o -o cmTC_d7463 
gmake[1]: Leaving directory '/home/yun/opencv-4.1.0/build/opencv-4.8.1/build/CMakeFiles/CMakeTmp'


===== END =====

Build output check failed:
    Regex: 'unrecognized .*option'
    Output line: 'cc1plus: note: unrecognized command-line option ‘-Wno-shorten-64-to-32’ may have been intended to silence earlier diagnostics'
Compilation failed:
    source file: '/home/yun/opencv-4.1.0/build/opencv-4.8.1/build/CMakeFiles/CMakeTmp/src.cxx'
    check option: ' -Wno-shorten-64-to-32'
===== BUILD LOG =====
Change Dir: /home/yun/opencv-4.1.0/build/opencv-4.8.1/build/CMakeFiles/CMakeTmp

Run Build Command(s):/usr/bin/gmake -f Makefile cmTC_030ee/fast && /usr/bin/gmake  -f CMakeFiles/cmTC_030ee.dir/build.make CMakeFiles/cmTC_030ee.dir/build
gmake[1]: Entering directory '/home/yun/opencv-4.1.0/build/opencv-4.8.1/build/CMakeFiles/CMakeTmp'
Building CXX object CMakeFiles/cmTC_030ee.dir/src.cxx.o
/usr/bin/c++   -fsigned-char -W -Wall -Wreturn-type -Wnon-virtual-dtor -Waddress -Wsequence-point -Wformat -Wformat-security -Winit-self -Wpointer-arith -Wuninitialized -Wsuggest-override -Wno-delete-non-virtual-dtor -Wno-comment -Wimplicit-fallthrough=3 -Wno-strict-overflow -fdiagnostics-show-option -pthread -fomit-frame-pointer -ffunction-sections -fdata-sections    -fvisibility=hidden -fvisibility-inlines-hidden -Wno-deprecated -Wno-missing-declarations -Wno-shadow -Wno-unused-parameter -Wno-unused-local-typedefs -Wno-sign-compare -Wno-sign-promo -Wno-undef -Wno-ignored-qualifiers -Wno-extra -Wno-unused-function -Wno-unused-const-variable  -O3 -DNDEBUG  -DNDEBUG -fPIE    -Wno-shorten-64-to-32 -std=c++11 -o CMakeFiles/cmTC_030ee.dir/src.cxx.o -c /home/yun/opencv-4.1.0/build/opencv-4.8.1/build/CMakeFiles/CMakeTmp/src.cxx
/home/yun/opencv-4.1.0/build/opencv-4.8.1/build/CMakeFiles/CMakeTmp/src.cxx:1: warning: ignoring ‘#pragma  ’ [-Wunknown-pragmas]
    1 | #pragma
      | 
cc1plus: note: unrecognized command-line option ‘-Wno-shorten-64-to-32’ may have been intended to silence earlier diagnostics
Linking CXX executable cmTC_030ee
/usr/bin/cmake -E cmake_link_script CMakeFiles/cmTC_030ee.dir/link.txt --verbose=1
/usr/bin/c++    -fsigned-char -W -Wall -Wreturn-type -Wnon-virtual-dtor -Waddress -Wsequence-point -Wformat -Wformat-security -Winit-self -Wpointer-arith -Wuninitialized -Wsuggest-override -Wno-delete-non-virtual-dtor -Wno-comment -Wimplicit-fallthrough=3 -Wno-strict-overflow -fdiagnostics-show-option -pthread -fomit-frame-pointer -ffunction-sections -fdata-sections    -fvisibility=hidden -fvisibility-inlines-hidden -Wno-deprecated -Wno-missing-declarations -Wno-shadow -Wno-unused-parameter -Wno-unused-local-typedefs -Wno-sign-compare -Wno-sign-promo -Wno-undef -Wno-ignored-qualifiers -Wno-extra -Wno-unused-function -Wno-unused-const-variable  -O3 -DNDEBUG  -DNDEBUG   -Wl,--gc-sections -Wl,--as-needed -Wl,--no-undefined  CMakeFiles/cmTC_030ee.dir/src.cxx.o -o cmTC_030ee 
gmake[1]: Leaving directory '/home/yun/opencv-4.1.0/build/opencv-4.8.1/build/CMakeFiles/CMakeTmp'


===== END =====

Build output check failed:
    Regex: 'unrecognized .*option'
    Output line: 'cc1plus: note: unrecognized command-line option ‘-Wno-enum-compare-switch’ may have been intended to silence earlier diagnostics'
Compilation failed:
    source file: '/home/yun/opencv-4.1.0/build/opencv-4.8.1/build/CMakeFiles/CMakeTmp/src.cxx'
    check option: ' -Wno-enum-compare-switch'
===== BUILD LOG =====
Change Dir: /home/yun/opencv-4.1.0/build/opencv-4.8.1/build/CMakeFiles/CMakeTmp

Run Build Command(s):/usr/bin/gmake -f Makefile cmTC_3c542/fast && /usr/bin/gmake  -f CMakeFiles/cmTC_3c542.dir/build.make CMakeFiles/cmTC_3c542.dir/build
gmake[1]: Entering directory '/home/yun/opencv-4.1.0/build/opencv-4.8.1/build/CMakeFiles/CMakeTmp'
Building CXX object CMakeFiles/cmTC_3c542.dir/src.cxx.o
/usr/bin/c++   -fsigned-char -W -Wall -Wreturn-type -Wnon-virtual-dtor -Waddress -Wsequence-point -Wformat -Wformat-security -Winit-self -Wpointer-arith -Wuninitialized -Wsuggest-override -Wno-delete-non-virtual-dtor -Wno-comment -Wimplicit-fallthrough=3 -Wno-strict-overflow -fdiagnostics-show-option -pthread -fomit-frame-pointer -ffunction-sections -fdata-sections    -fvisibility=hidden -fvisibility-inlines-hidden -Wno-deprecated -Wno-missing-declarations -Wno-shadow -Wno-unused-parameter -Wno-unused-local-typedefs -Wno-sign-compare -Wno-sign-promo -Wno-undef -Wno-ignored-qualifiers -Wno-extra -Wno-unused-function -Wno-unused-const-variable -Wno-invalid-offsetof  -O3 -DNDEBUG  -DNDEBUG -fPIE    -Wno-enum-compare-switch -std=c++11 -o CMakeFiles/cmTC_3c542.dir/src.cxx.o -c /home/yun/opencv-4.1.0/build/opencv-4.8.1/build/CMakeFiles/CMakeTmp/src.cxx
/home/yun/opencv-4.1.0/build/opencv-4.8.1/build/CMakeFiles/CMakeTmp/src.cxx:1: warning: ignoring ‘#pragma  ’ [-Wunknown-pragmas]
    1 | #pragma
      | 
cc1plus: note: unrecognized command-line option ‘-Wno-enum-compare-switch’ may have been intended to silence earlier diagnostics
Linking CXX executable cmTC_3c542
/usr/bin/cmake -E cmake_link_script CMakeFiles/cmTC_3c542.dir/link.txt --verbose=1
/usr/bin/c++    -fsigned-char -W -Wall -Wreturn-type -Wnon-virtual-dtor -Waddress -Wsequence-point -Wformat -Wformat-security -Winit-self -Wpointer-arith -Wuninitialized -Wsuggest-override -Wno-delete-non-virtual-dtor -Wno-comment -Wimplicit-fallthrough=3 -Wno-strict-overflow -fdiagnostics-show-option -pthread -fomit-frame-pointer -ffunction-sections -fdata-sections    -fvisibility=hidden -fvisibility-inlines-hidden -Wno-deprecated -Wno-missing-declarations -Wno-shadow -Wno-unused-parameter -Wno-unused-local-typedefs -Wno-sign-compare -Wno-sign-promo -Wno-undef -Wno-ignored-qualifiers -Wno-extra -Wno-unused-function -Wno-unused-const-variable -Wno-invalid-offsetof  -O3 -DNDEBUG  -DNDEBUG   -Wl,--gc-sections -Wl,--as-needed -Wl,--no-undefined  CMakeFiles/cmTC_3c542.dir/src.cxx.o -o cmTC_3c542 
gmake[1]: Leaving directory '/home/yun/opencv-4.1.0/build/opencv-4.8.1/build/CMakeFiles/CMakeTmp'


===== END =====

Determining if the include file sys/videoio.h exists failed with the following output:
Change Dir: /home/yun/opencv-4.1.0/build/opencv-4.8.1/build/CMakeFiles/CMakeScratch/TryCompile-4mkkKl

Run Build Command(s):/usr/bin/gmake -f Makefile cmTC_c6491/fast && /usr/bin/gmake  -f CMakeFiles/cmTC_c6491.dir/build.make CMakeFiles/cmTC_c6491.dir/build
gmake[1]: Entering directory '/home/yun/opencv-4.1.0/build/opencv-4.8.1/build/CMakeFiles/CMakeScratch/TryCompile-4mkkKl'
Building C object CMakeFiles/cmTC_c6491.dir/CheckIncludeFile.c.o
/usr/bin/cc   -fsigned-char -W -Wall -Wreturn-type -Waddress -Wsequence-point -Wformat -Wformat-security -Wmissing-declarations -Wmissing-prototypes -Wstrict-prototypes -Wundef -Winit-self -Wpointer-arith -Wshadow -Wuninitialized -Wno-comment -Wimplicit-fallthrough=3 -Wno-strict-overflow -fdiagnostics-show-option -pthread -fomit-frame-pointer -ffunction-sections -fdata-sections    -fvisibility=hidden  -O3 -DNDEBUG  -DNDEBUG -fPIE -o CMakeFiles/cmTC_c6491.dir/CheckIncludeFile.c.o -c /home/yun/opencv-4.1.0/build/opencv-4.8.1/build/CMakeFiles/CMakeScratch/TryCompile-4mkkKl/CheckIncludeFile.c
/home/yun/opencv-4.1.0/build/opencv-4.8.1/build/CMakeFiles/CMakeScratch/TryCompile-4mkkKl/CheckIncludeFile.c:1:10: fatal error: sys/videoio.h: No such file or directory
    1 | #include <sys/videoio.h>
      |          ^~~~~~~~~~~~~~~
compilation terminated.
gmake[1]: *** [CMakeFiles/cmTC_c6491.dir/build.make:78: CMakeFiles/cmTC_c6491.dir/CheckIncludeFile.c.o] Error 1
gmake[1]: Leaving directory '/home/yun/opencv-4.1.0/build/opencv-4.8.1/build/CMakeFiles/CMakeScratch/TryCompile-4mkkKl'
gmake: *** [Makefile:127: cmTC_c6491/fast] Error 2



Build output check failed:
    Regex: 'unrecognized .*option'
    Output line: 'cc1plus: note: unrecognized command-line option ‘-Wno-unused-private-field’ may have been intended to silence earlier diagnostics'
Compilation failed:
    source file: '/home/yun/opencv-4.1.0/build/opencv-4.8.1/build/CMakeFiles/CMakeTmp/src.cxx'
    check option: ' -Wno-unused-private-field'
===== BUILD LOG =====
Change Dir: /home/yun/opencv-4.1.0/build/opencv-4.8.1/build/CMakeFiles/CMakeTmp

Run Build Command(s):/usr/bin/gmake -f Makefile cmTC_63838/fast && /usr/bin/gmake  -f CMakeFiles/cmTC_63838.dir/build.make CMakeFiles/cmTC_63838.dir/build
gmake[1]: Entering directory '/home/yun/opencv-4.1.0/build/opencv-4.8.1/build/CMakeFiles/CMakeTmp'
Building CXX object CMakeFiles/cmTC_63838.dir/src.cxx.o
/usr/bin/c++   -fsigned-char -W -Wall -Wreturn-type -Wnon-virtual-dtor -Waddress -Wsequence-point -Wformat -Wformat-security -Wmissing-declarations -Wundef -Winit-self -Wpointer-arith -Wshadow -Wsign-promo -Wuninitialized -Wsuggest-override -Wno-delete-non-virtual-dtor -Wno-comment -Wimplicit-fallthrough=3 -Wno-strict-overflow -fdiagnostics-show-option -pthread -fomit-frame-pointer -ffunction-sections -fdata-sections    -fvisibility=hidden -fvisibility-inlines-hidden -Wno-unused-function -Wno-deprecated-declarations -Wno-overloaded-virtual  -O3 -DNDEBUG  -DNDEBUG -fPIE    -Wno-unused-private-field -std=c++11 -o CMakeFiles/cmTC_63838.dir/src.cxx.o -c /home/yun/opencv-4.1.0/build/opencv-4.8.1/build/CMakeFiles/CMakeTmp/src.cxx
/home/yun/opencv-4.1.0/build/opencv-4.8.1/build/CMakeFiles/CMakeTmp/src.cxx:1: warning: ignoring ‘#pragma  ’ [-Wunknown-pragmas]
    1 | #pragma
      | 
cc1plus: note: unrecognized command-line option ‘-Wno-unused-private-field’ may have been intended to silence earlier diagnostics
Linking CXX executable cmTC_63838
/usr/bin/cmake -E cmake_link_script CMakeFiles/cmTC_63838.dir/link.txt --verbose=1
/usr/bin/c++    -fsigned-char -W -Wall -Wreturn-type -Wnon-virtual-dtor -Waddress -Wsequence-point -Wformat -Wformat-security -Wmissing-declarations -Wundef -Winit-self -Wpointer-arith -Wshadow -Wsign-promo -Wuninitialized -Wsuggest-override -Wno-delete-non-virtual-dtor -Wno-comment -Wimplicit-fallthrough=3 -Wno-strict-overflow -fdiagnostics-show-option -pthread -fomit-frame-pointer -ffunction-sections -fdata-sections    -fvisibility=hidden -fvisibility-inlines-hidden -Wno-unused-function -Wno-deprecated-declarations -Wno-overloaded-virtual  -O3 -DNDEBUG  -DNDEBUG   -Wl,--gc-sections -Wl,--as-needed -Wl,--no-undefined  CMakeFiles/cmTC_63838.dir/src.cxx.o -o cmTC_63838 
gmake[1]: Leaving directory '/home/yun/opencv-4.1.0/build/opencv-4.8.1/build/CMakeFiles/CMakeTmp'


===== END =====

