Build output check failed:
    Regex: 'unrecognized .*option'
    Output line: 'cc1plus: note: unrecognized command-line option ‘-Wno-unnamed-type-template-args’ may have been intended to silence earlier diagnostics'
Compilation failed:
    source file: '/home/yun/opencv-4.1.0/build/CMakeFiles/CMakeTmp/src.cxx'
    check option: ' -fsigned-char -W -Wall -Werror=return-type -Werror=non-virtual-dtor -Werror=address -Werror=sequence-point -Wformat -Werror=format-security -Wmissing-declarations -Wmissing-prototypes -Wstrict-prototypes -Wundef -Winit-self -Wpointer-arith -Wshadow -Wsign-promo -Wuninitialized -Winit-self -Wno-delete-non-virtual-dtor  -Wno-unnamed-type-template-args'
===== BUILD LOG =====
Change Dir: /home/yun/opencv-4.1.0/build/CMakeFiles/CMakeTmp

Run Build Command(s):/usr/bin/gmake -f Makefile cmTC_20d11/fast && /usr/bin/gmake  -f CMakeFiles/cmTC_20d11.dir/build.make CMakeFiles/cmTC_20d11.dir/build
gmake[1]: Entering directory '/home/yun/opencv-4.1.0/build/CMakeFiles/CMakeTmp'
Building CXX object CMakeFiles/cmTC_20d11.dir/src.cxx.o
/usr/bin/c++   -O3 -DNDEBUG -fPIE    -fsigned-char -W -Wall -Werror=return-type -Werror=non-virtual-dtor -Werror=address -Werror=sequence-point -Wformat -Werror=format-security -Wmissing-declarations -Wmissing-prototypes -Wstrict-prototypes -Wundef -Winit-self -Wpointer-arith -Wshadow -Wsign-promo -Wuninitialized -Winit-self -Wno-delete-non-virtual-dtor  -Wno-unnamed-type-template-args -std=c++11 -o CMakeFiles/cmTC_20d11.dir/src.cxx.o -c /home/yun/opencv-4.1.0/build/CMakeFiles/CMakeTmp/src.cxx
cc1plus: warning: command-line option ‘-Wmissing-prototypes’ is valid for C/ObjC but not for C++
cc1plus: warning: command-line option ‘-Wstrict-prototypes’ is valid for C/ObjC but not for C++
/home/yun/opencv-4.1.0/build/CMakeFiles/CMakeTmp/src.cxx:1: warning: ignoring ‘#pragma  ’ [-Wunknown-pragmas]
    1 | #pragma
      | 
cc1plus: note: unrecognized command-line option ‘-Wno-unnamed-type-template-args’ may have been intended to silence earlier diagnostics
Linking CXX executable cmTC_20d11
/usr/bin/cmake -E cmake_link_script CMakeFiles/cmTC_20d11.dir/link.txt --verbose=1
/usr/bin/c++ -O3 -DNDEBUG CMakeFiles/cmTC_20d11.dir/src.cxx.o -o cmTC_20d11 
gmake[1]: Leaving directory '/home/yun/opencv-4.1.0/build/CMakeFiles/CMakeTmp'


===== END =====

Build output check failed:
    Regex: 'unrecognized .*option'
    Output line: 'cc1: note: unrecognized command-line option ‘-Wno-unnamed-type-template-args’ may have been intended to silence earlier diagnostics'
Compilation failed:
    source file: '/home/yun/opencv-4.1.0/build/CMakeFiles/CMakeTmp/src.c'
    check option: ' -fsigned-char -W -Wall -Werror=return-type -Werror=non-virtual-dtor -Werror=address -Werror=sequence-point -Wformat -Werror=format-security -Wmissing-declarations -Wmissing-prototypes -Wstrict-prototypes -Wundef -Winit-self -Wpointer-arith -Wshadow -Wsign-promo -Wuninitialized -Winit-self -Wno-delete-non-virtual-dtor  -Wno-unnamed-type-template-args'
===== BUILD LOG =====
Change Dir: /home/yun/opencv-4.1.0/build/CMakeFiles/CMakeTmp

Run Build Command(s):/usr/bin/gmake -f Makefile cmTC_994bc/fast && /usr/bin/gmake  -f CMakeFiles/cmTC_994bc.dir/build.make CMakeFiles/cmTC_994bc.dir/build
gmake[1]: Entering directory '/home/yun/opencv-4.1.0/build/CMakeFiles/CMakeTmp'
Building C object CMakeFiles/cmTC_994bc.dir/src.c.o
/usr/bin/cc   -O3 -DNDEBUG -fPIE    -fsigned-char -W -Wall -Werror=return-type -Werror=non-virtual-dtor -Werror=address -Werror=sequence-point -Wformat -Werror=format-security -Wmissing-declarations -Wmissing-prototypes -Wstrict-prototypes -Wundef -Winit-self -Wpointer-arith -Wshadow -Wsign-promo -Wuninitialized -Winit-self -Wno-delete-non-virtual-dtor  -Wno-unnamed-type-template-args -o CMakeFiles/cmTC_994bc.dir/src.c.o -c /home/yun/opencv-4.1.0/build/CMakeFiles/CMakeTmp/src.c
cc1: warning: ‘-Werror=’ argument ‘-Werror=non-virtual-dtor’ is not valid for C
cc1: warning: command-line option ‘-Wsign-promo’ is valid for C++/ObjC++ but not for C
cc1: warning: command-line option ‘-Wno-delete-non-virtual-dtor’ is valid for C++/ObjC++ but not for C
/home/yun/opencv-4.1.0/build/CMakeFiles/CMakeTmp/src.c:1: warning: ignoring ‘#pragma  ’ [-Wunknown-pragmas]
    1 | #pragma
      | 
cc1: note: unrecognized command-line option ‘-Wno-unnamed-type-template-args’ may have been intended to silence earlier diagnostics
Linking C executable cmTC_994bc
/usr/bin/cmake -E cmake_link_script CMakeFiles/cmTC_994bc.dir/link.txt --verbose=1
/usr/bin/cc -O3 -DNDEBUG CMakeFiles/cmTC_994bc.dir/src.c.o -o cmTC_994bc 
gmake[1]: Leaving directory '/home/yun/opencv-4.1.0/build/CMakeFiles/CMakeTmp'


===== END =====

Build output check failed:
    Regex: 'unrecognized .*option'
    Output line: 'cc1plus: note: unrecognized command-line option ‘-Wno-inconsistent-missing-override’ may have been intended to silence earlier diagnostics'
Compilation failed:
    source file: '/home/yun/opencv-4.1.0/build/CMakeFiles/CMakeTmp/src.cxx'
    check option: ' -Wno-inconsistent-missing-override'
===== BUILD LOG =====
Change Dir: /home/yun/opencv-4.1.0/build/CMakeFiles/CMakeTmp

Run Build Command(s):/usr/bin/gmake -f Makefile cmTC_7b431/fast && /usr/bin/gmake  -f CMakeFiles/cmTC_7b431.dir/build.make CMakeFiles/cmTC_7b431.dir/build
gmake[1]: Entering directory '/home/yun/opencv-4.1.0/build/CMakeFiles/CMakeTmp'
Building CXX object CMakeFiles/cmTC_7b431.dir/src.cxx.o
/usr/bin/c++   -fsigned-char -W -Wall -Werror=return-type -Werror=non-virtual-dtor -Werror=address -Werror=sequence-point -Wformat -Werror=format-security -Wmissing-prototypes -Wstrict-prototypes -Winit-self -Wpointer-arith -Wsign-promo -Winit-self -Wno-delete-non-virtual-dtor -Wno-comment -Wimplicit-fallthrough=3 -Wno-strict-overflow -fdiagnostics-show-option -pthread -fomit-frame-pointer -ffunction-sections -fdata-sections    -fvisibility=hidden -fvisibility-inlines-hidden -Wno-shadow -Wno-unused -Wno-sign-compare -Wno-undef -Wno-missing-declarations -Wno-uninitialized -Wno-switch -Wno-parentheses -Wno-array-bounds -Wno-extra -Wno-deprecated-declarations -Wno-misleading-indentation -Wno-deprecated -Wno-suggest-override  -O3 -DNDEBUG -fPIE    -Wno-inconsistent-missing-override -std=c++11 -o CMakeFiles/cmTC_7b431.dir/src.cxx.o -c /home/yun/opencv-4.1.0/build/CMakeFiles/CMakeTmp/src.cxx
cc1plus: warning: command-line option ‘-Wmissing-prototypes’ is valid for C/ObjC but not for C++
cc1plus: warning: command-line option ‘-Wstrict-prototypes’ is valid for C/ObjC but not for C++
/home/yun/opencv-4.1.0/build/CMakeFiles/CMakeTmp/src.cxx:1: warning: ignoring ‘#pragma  ’ [-Wunknown-pragmas]
    1 | #pragma
      | 
cc1plus: note: unrecognized command-line option ‘-Wno-inconsistent-missing-override’ may have been intended to silence earlier diagnostics
Linking CXX executable cmTC_7b431
/usr/bin/cmake -E cmake_link_script CMakeFiles/cmTC_7b431.dir/link.txt --verbose=1
/usr/bin/c++    -fsigned-char -W -Wall -Werror=return-type -Werror=non-virtual-dtor -Werror=address -Werror=sequence-point -Wformat -Werror=format-security -Wmissing-prototypes -Wstrict-prototypes -Winit-self -Wpointer-arith -Wsign-promo -Winit-self -Wno-delete-non-virtual-dtor -Wno-comment -Wimplicit-fallthrough=3 -Wno-strict-overflow -fdiagnostics-show-option -pthread -fomit-frame-pointer -ffunction-sections -fdata-sections    -fvisibility=hidden -fvisibility-inlines-hidden -Wno-shadow -Wno-unused -Wno-sign-compare -Wno-undef -Wno-missing-declarations -Wno-uninitialized -Wno-switch -Wno-parentheses -Wno-array-bounds -Wno-extra -Wno-deprecated-declarations -Wno-misleading-indentation -Wno-deprecated -Wno-suggest-override  -O3 -DNDEBUG   -Wl,--gc-sections  CMakeFiles/cmTC_7b431.dir/src.cxx.o -o cmTC_7b431 
gmake[1]: Leaving directory '/home/yun/opencv-4.1.0/build/CMakeFiles/CMakeTmp'


===== END =====

Determining if the function sgemm_ exists failed with the following output:
Change Dir: /home/yun/opencv-4.1.0/build/CMakeFiles/CMakeScratch/TryCompile-4aL0yH

Run Build Command(s):/usr/bin/gmake -f Makefile cmTC_6daae/fast && /usr/bin/gmake  -f CMakeFiles/cmTC_6daae.dir/build.make CMakeFiles/cmTC_6daae.dir/build
gmake[1]: Entering directory '/home/yun/opencv-4.1.0/build/CMakeFiles/CMakeScratch/TryCompile-4aL0yH'
Building C object CMakeFiles/cmTC_6daae.dir/CheckFunctionExists.c.o
/usr/bin/cc   -fsigned-char -W -Wall -Werror=return-type -Werror=non-virtual-dtor -Werror=address -Werror=sequence-point -Wformat -Werror=format-security -Wmissing-declarations -Wmissing-prototypes -Wstrict-prototypes -Wundef -Winit-self -Wpointer-arith -Wshadow -Wsign-promo -Wuninitialized -Winit-self -Wno-delete-non-virtual-dtor -Wno-comment -Wimplicit-fallthrough=3 -Wno-strict-overflow -fdiagnostics-show-option -pthread -fomit-frame-pointer -ffunction-sections -fdata-sections    -fvisibility=hidden -fvisibility-inlines-hidden -DCHECK_FUNCTION_EXISTS=sgemm_ -O3 -DNDEBUG -fPIE -o CMakeFiles/cmTC_6daae.dir/CheckFunctionExists.c.o -c /home/yun/opencv-4.1.0/build/CMakeFiles/CMakeScratch/TryCompile-4aL0yH/CheckFunctionExists.c
cc1: warning: ‘-Werror=’ argument ‘-Werror=non-virtual-dtor’ is not valid for C
cc1: warning: command-line option ‘-Wsign-promo’ is valid for C++/ObjC++ but not for C
cc1: warning: command-line option ‘-Wno-delete-non-virtual-dtor’ is valid for C++/ObjC++ but not for C
cc1: warning: command-line option ‘-fvisibility-inlines-hidden’ is valid for C++/ObjC++ but not for C
Linking C executable cmTC_6daae
/usr/bin/cmake -E cmake_link_script CMakeFiles/cmTC_6daae.dir/link.txt --verbose=1
/usr/bin/cc    -fsigned-char -W -Wall -Werror=return-type -Werror=non-virtual-dtor -Werror=address -Werror=sequence-point -Wformat -Werror=format-security -Wmissing-declarations -Wmissing-prototypes -Wstrict-prototypes -Wundef -Winit-self -Wpointer-arith -Wshadow -Wsign-promo -Wuninitialized -Winit-self -Wno-delete-non-virtual-dtor -Wno-comment -Wimplicit-fallthrough=3 -Wno-strict-overflow -fdiagnostics-show-option -pthread -fomit-frame-pointer -ffunction-sections -fdata-sections    -fvisibility=hidden -fvisibility-inlines-hidden -DCHECK_FUNCTION_EXISTS=sgemm_ -O3 -DNDEBUG   -Wl,--gc-sections  CMakeFiles/cmTC_6daae.dir/CheckFunctionExists.c.o -o cmTC_6daae 
/usr/bin/ld: CMakeFiles/cmTC_6daae.dir/CheckFunctionExists.c.o: in function `main':
CheckFunctionExists.c:(.text.startup.main+0x10): undefined reference to `sgemm_'
collect2: error: ld returned 1 exit status
gmake[1]: *** [CMakeFiles/cmTC_6daae.dir/build.make:99: cmTC_6daae] Error 1
gmake[1]: Leaving directory '/home/yun/opencv-4.1.0/build/CMakeFiles/CMakeScratch/TryCompile-4aL0yH'
gmake: *** [Makefile:127: cmTC_6daae/fast] Error 2



Determining if the function cheev_ exists failed with the following output:
Change Dir: /home/yun/opencv-4.1.0/build/CMakeFiles/CMakeScratch/TryCompile-cITlvC

Run Build Command(s):/usr/bin/gmake -f Makefile cmTC_0bde3/fast && /usr/bin/gmake  -f CMakeFiles/cmTC_0bde3.dir/build.make CMakeFiles/cmTC_0bde3.dir/build
gmake[1]: Entering directory '/home/yun/opencv-4.1.0/build/CMakeFiles/CMakeScratch/TryCompile-cITlvC'
Building C object CMakeFiles/cmTC_0bde3.dir/CheckFunctionExists.c.o
/usr/bin/cc   -fsigned-char -W -Wall -Werror=return-type -Werror=non-virtual-dtor -Werror=address -Werror=sequence-point -Wformat -Werror=format-security -Wmissing-declarations -Wmissing-prototypes -Wstrict-prototypes -Wundef -Winit-self -Wpointer-arith -Wshadow -Wsign-promo -Wuninitialized -Winit-self -Wno-delete-non-virtual-dtor -Wno-comment -Wimplicit-fallthrough=3 -Wno-strict-overflow -fdiagnostics-show-option -pthread -fomit-frame-pointer -ffunction-sections -fdata-sections    -fvisibility=hidden -fvisibility-inlines-hidden -DCHECK_FUNCTION_EXISTS=cheev_ -O3 -DNDEBUG -fPIE -o CMakeFiles/cmTC_0bde3.dir/CheckFunctionExists.c.o -c /home/yun/opencv-4.1.0/build/CMakeFiles/CMakeScratch/TryCompile-cITlvC/CheckFunctionExists.c
cc1: warning: ‘-Werror=’ argument ‘-Werror=non-virtual-dtor’ is not valid for C
cc1: warning: command-line option ‘-Wsign-promo’ is valid for C++/ObjC++ but not for C
cc1: warning: command-line option ‘-Wno-delete-non-virtual-dtor’ is valid for C++/ObjC++ but not for C
cc1: warning: command-line option ‘-fvisibility-inlines-hidden’ is valid for C++/ObjC++ but not for C
Linking C executable cmTC_0bde3
/usr/bin/cmake -E cmake_link_script CMakeFiles/cmTC_0bde3.dir/link.txt --verbose=1
/usr/bin/cc    -fsigned-char -W -Wall -Werror=return-type -Werror=non-virtual-dtor -Werror=address -Werror=sequence-point -Wformat -Werror=format-security -Wmissing-declarations -Wmissing-prototypes -Wstrict-prototypes -Wundef -Winit-self -Wpointer-arith -Wshadow -Wsign-promo -Wuninitialized -Winit-self -Wno-delete-non-virtual-dtor -Wno-comment -Wimplicit-fallthrough=3 -Wno-strict-overflow -fdiagnostics-show-option -pthread -fomit-frame-pointer -ffunction-sections -fdata-sections    -fvisibility=hidden -fvisibility-inlines-hidden -DCHECK_FUNCTION_EXISTS=cheev_ -O3 -DNDEBUG   -Wl,--gc-sections  CMakeFiles/cmTC_0bde3.dir/CheckFunctionExists.c.o -o cmTC_0bde3  /usr/lib/aarch64-linux-gnu/libblas.so /usr/lib/aarch64-linux-gnu/libf77blas.so /usr/lib/aarch64-linux-gnu/libatlas.so -lm -ldl 
/usr/bin/ld: CMakeFiles/cmTC_0bde3.dir/CheckFunctionExists.c.o: in function `main':
CheckFunctionExists.c:(.text.startup.main+0x10): undefined reference to `cheev_'
collect2: error: ld returned 1 exit status
gmake[1]: *** [CMakeFiles/cmTC_0bde3.dir/build.make:102: cmTC_0bde3] Error 1
gmake[1]: Leaving directory '/home/yun/opencv-4.1.0/build/CMakeFiles/CMakeScratch/TryCompile-cITlvC'
gmake: *** [Makefile:127: cmTC_0bde3/fast] Error 2



Build output check failed:
    Regex: 'unrecognized .*option'
    Output line: 'cc1plus: note: unrecognized command-line option ‘-Wno-tautological-undefined-compare’ may have been intended to silence earlier diagnostics'
Compilation failed:
    source file: '/home/yun/opencv-4.1.0/build/CMakeFiles/CMakeTmp/src.cxx'
    check option: ' -Wno-tautological-undefined-compare'
===== BUILD LOG =====
Change Dir: /home/yun/opencv-4.1.0/build/CMakeFiles/CMakeTmp

Run Build Command(s):/usr/bin/gmake -f Makefile cmTC_d55dd/fast && /usr/bin/gmake  -f CMakeFiles/cmTC_d55dd.dir/build.make CMakeFiles/cmTC_d55dd.dir/build
gmake[1]: Entering directory '/home/yun/opencv-4.1.0/build/CMakeFiles/CMakeTmp'
Building CXX object CMakeFiles/cmTC_d55dd.dir/src.cxx.o
/usr/bin/c++   -fsigned-char -W -Wall -Werror=return-type -Werror=non-virtual-dtor -Werror=address -Werror=sequence-point -Wformat -Werror=format-security -Wstrict-prototypes -Winit-self -Wpointer-arith -Wuninitialized -Winit-self -Wno-delete-non-virtual-dtor -Wno-comment -Wimplicit-fallthrough=3 -Wno-strict-overflow -fdiagnostics-show-option -pthread -fomit-frame-pointer -ffunction-sections -fdata-sections    -fvisibility=hidden -fvisibility-inlines-hidden -Wno-deprecated -Wno-missing-prototypes -Wno-missing-declarations -Wno-shadow -Wno-unused-parameter -Wno-unused-local-typedefs -Wno-sign-compare -Wno-sign-promo -Wno-undef  -O3 -DNDEBUG -fPIE    -Wno-tautological-undefined-compare -std=c++11 -o CMakeFiles/cmTC_d55dd.dir/src.cxx.o -c /home/yun/opencv-4.1.0/build/CMakeFiles/CMakeTmp/src.cxx
cc1plus: warning: command-line option ‘-Wstrict-prototypes’ is valid for C/ObjC but not for C++
cc1plus: warning: command-line option ‘-Wno-missing-prototypes’ is valid for C/ObjC but not for C++
/home/yun/opencv-4.1.0/build/CMakeFiles/CMakeTmp/src.cxx:1: warning: ignoring ‘#pragma  ’ [-Wunknown-pragmas]
    1 | #pragma
      | 
cc1plus: note: unrecognized command-line option ‘-Wno-tautological-undefined-compare’ may have been intended to silence earlier diagnostics
Linking CXX executable cmTC_d55dd
/usr/bin/cmake -E cmake_link_script CMakeFiles/cmTC_d55dd.dir/link.txt --verbose=1
/usr/bin/c++    -fsigned-char -W -Wall -Werror=return-type -Werror=non-virtual-dtor -Werror=address -Werror=sequence-point -Wformat -Werror=format-security -Wstrict-prototypes -Winit-self -Wpointer-arith -Wuninitialized -Winit-self -Wno-delete-non-virtual-dtor -Wno-comment -Wimplicit-fallthrough=3 -Wno-strict-overflow -fdiagnostics-show-option -pthread -fomit-frame-pointer -ffunction-sections -fdata-sections    -fvisibility=hidden -fvisibility-inlines-hidden -Wno-deprecated -Wno-missing-prototypes -Wno-missing-declarations -Wno-shadow -Wno-unused-parameter -Wno-unused-local-typedefs -Wno-sign-compare -Wno-sign-promo -Wno-undef  -O3 -DNDEBUG   -Wl,--gc-sections  CMakeFiles/cmTC_d55dd.dir/src.cxx.o -o cmTC_d55dd 
gmake[1]: Leaving directory '/home/yun/opencv-4.1.0/build/CMakeFiles/CMakeTmp'


===== END =====

Build output check failed:
    Regex: 'unrecognized .*option'
    Output line: 'cc1plus: note: unrecognized command-line option ‘-Wno-shorten-64-to-32’ may have been intended to silence earlier diagnostics'
Compilation failed:
    source file: '/home/yun/opencv-4.1.0/build/CMakeFiles/CMakeTmp/src.cxx'
    check option: ' -Wno-shorten-64-to-32'
===== BUILD LOG =====
Change Dir: /home/yun/opencv-4.1.0/build/CMakeFiles/CMakeTmp

Run Build Command(s):/usr/bin/gmake -f Makefile cmTC_8d516/fast && /usr/bin/gmake  -f CMakeFiles/cmTC_8d516.dir/build.make CMakeFiles/cmTC_8d516.dir/build
gmake[1]: Entering directory '/home/yun/opencv-4.1.0/build/CMakeFiles/CMakeTmp'
Building CXX object CMakeFiles/cmTC_8d516.dir/src.cxx.o
/usr/bin/c++   -fsigned-char -W -Wall -Werror=return-type -Werror=non-virtual-dtor -Werror=address -Werror=sequence-point -Wformat -Werror=format-security -Wstrict-prototypes -Winit-self -Wpointer-arith -Wuninitialized -Winit-self -Wno-delete-non-virtual-dtor -Wno-comment -Wimplicit-fallthrough=3 -Wno-strict-overflow -fdiagnostics-show-option -pthread -fomit-frame-pointer -ffunction-sections -fdata-sections    -fvisibility=hidden -fvisibility-inlines-hidden -Wno-deprecated -Wno-missing-prototypes -Wno-missing-declarations -Wno-shadow -Wno-unused-parameter -Wno-unused-local-typedefs -Wno-sign-compare -Wno-sign-promo -Wno-undef -Wno-ignored-qualifiers -Wno-extra -Wno-unused-function -Wno-unused-const-variable  -O3 -DNDEBUG -fPIE    -Wno-shorten-64-to-32 -std=c++11 -o CMakeFiles/cmTC_8d516.dir/src.cxx.o -c /home/yun/opencv-4.1.0/build/CMakeFiles/CMakeTmp/src.cxx
cc1plus: warning: command-line option ‘-Wstrict-prototypes’ is valid for C/ObjC but not for C++
cc1plus: warning: command-line option ‘-Wno-missing-prototypes’ is valid for C/ObjC but not for C++
/home/yun/opencv-4.1.0/build/CMakeFiles/CMakeTmp/src.cxx:1: warning: ignoring ‘#pragma  ’ [-Wunknown-pragmas]
    1 | #pragma
      | 
cc1plus: note: unrecognized command-line option ‘-Wno-shorten-64-to-32’ may have been intended to silence earlier diagnostics
Linking CXX executable cmTC_8d516
/usr/bin/cmake -E cmake_link_script CMakeFiles/cmTC_8d516.dir/link.txt --verbose=1
/usr/bin/c++    -fsigned-char -W -Wall -Werror=return-type -Werror=non-virtual-dtor -Werror=address -Werror=sequence-point -Wformat -Werror=format-security -Wstrict-prototypes -Winit-self -Wpointer-arith -Wuninitialized -Winit-self -Wno-delete-non-virtual-dtor -Wno-comment -Wimplicit-fallthrough=3 -Wno-strict-overflow -fdiagnostics-show-option -pthread -fomit-frame-pointer -ffunction-sections -fdata-sections    -fvisibility=hidden -fvisibility-inlines-hidden -Wno-deprecated -Wno-missing-prototypes -Wno-missing-declarations -Wno-shadow -Wno-unused-parameter -Wno-unused-local-typedefs -Wno-sign-compare -Wno-sign-promo -Wno-undef -Wno-ignored-qualifiers -Wno-extra -Wno-unused-function -Wno-unused-const-variable  -O3 -DNDEBUG   -Wl,--gc-sections  CMakeFiles/cmTC_8d516.dir/src.cxx.o -o cmTC_8d516 
gmake[1]: Leaving directory '/home/yun/opencv-4.1.0/build/CMakeFiles/CMakeTmp'


===== END =====

Build output check failed:
    Regex: 'unrecognized .*option'
    Output line: 'cc1plus: note: unrecognized command-line option ‘-Wno-enum-compare-switch’ may have been intended to silence earlier diagnostics'
Compilation failed:
    source file: '/home/yun/opencv-4.1.0/build/CMakeFiles/CMakeTmp/src.cxx'
    check option: ' -Wno-enum-compare-switch'
===== BUILD LOG =====
Change Dir: /home/yun/opencv-4.1.0/build/CMakeFiles/CMakeTmp

Run Build Command(s):/usr/bin/gmake -f Makefile cmTC_d250e/fast && /usr/bin/gmake  -f CMakeFiles/cmTC_d250e.dir/build.make CMakeFiles/cmTC_d250e.dir/build
gmake[1]: Entering directory '/home/yun/opencv-4.1.0/build/CMakeFiles/CMakeTmp'
Building CXX object CMakeFiles/cmTC_d250e.dir/src.cxx.o
/usr/bin/c++   -fsigned-char -W -Wall -Werror=return-type -Werror=non-virtual-dtor -Werror=address -Werror=sequence-point -Wformat -Werror=format-security -Wstrict-prototypes -Winit-self -Wpointer-arith -Wuninitialized -Winit-self -Wno-delete-non-virtual-dtor -Wno-comment -Wimplicit-fallthrough=3 -Wno-strict-overflow -fdiagnostics-show-option -pthread -fomit-frame-pointer -ffunction-sections -fdata-sections    -fvisibility=hidden -fvisibility-inlines-hidden -Wno-deprecated -Wno-missing-prototypes -Wno-missing-declarations -Wno-shadow -Wno-unused-parameter -Wno-unused-local-typedefs -Wno-sign-compare -Wno-sign-promo -Wno-undef -Wno-ignored-qualifiers -Wno-extra -Wno-unused-function -Wno-unused-const-variable -Wno-invalid-offsetof  -O3 -DNDEBUG -fPIE    -Wno-enum-compare-switch -std=c++11 -o CMakeFiles/cmTC_d250e.dir/src.cxx.o -c /home/yun/opencv-4.1.0/build/CMakeFiles/CMakeTmp/src.cxx
cc1plus: warning: command-line option ‘-Wstrict-prototypes’ is valid for C/ObjC but not for C++
cc1plus: warning: command-line option ‘-Wno-missing-prototypes’ is valid for C/ObjC but not for C++
/home/yun/opencv-4.1.0/build/CMakeFiles/CMakeTmp/src.cxx:1: warning: ignoring ‘#pragma  ’ [-Wunknown-pragmas]
    1 | #pragma
      | 
cc1plus: note: unrecognized command-line option ‘-Wno-enum-compare-switch’ may have been intended to silence earlier diagnostics
Linking CXX executable cmTC_d250e
/usr/bin/cmake -E cmake_link_script CMakeFiles/cmTC_d250e.dir/link.txt --verbose=1
/usr/bin/c++    -fsigned-char -W -Wall -Werror=return-type -Werror=non-virtual-dtor -Werror=address -Werror=sequence-point -Wformat -Werror=format-security -Wstrict-prototypes -Winit-self -Wpointer-arith -Wuninitialized -Winit-self -Wno-delete-non-virtual-dtor -Wno-comment -Wimplicit-fallthrough=3 -Wno-strict-overflow -fdiagnostics-show-option -pthread -fomit-frame-pointer -ffunction-sections -fdata-sections    -fvisibility=hidden -fvisibility-inlines-hidden -Wno-deprecated -Wno-missing-prototypes -Wno-missing-declarations -Wno-shadow -Wno-unused-parameter -Wno-unused-local-typedefs -Wno-sign-compare -Wno-sign-promo -Wno-undef -Wno-ignored-qualifiers -Wno-extra -Wno-unused-function -Wno-unused-const-variable -Wno-invalid-offsetof  -O3 -DNDEBUG   -Wl,--gc-sections  CMakeFiles/cmTC_d250e.dir/src.cxx.o -o cmTC_d250e 
gmake[1]: Leaving directory '/home/yun/opencv-4.1.0/build/CMakeFiles/CMakeTmp'


===== END =====

Performing C++ SOURCE FILE Test CXX_HAS_MFPU_NEON failed with the following output:
Change Dir: /home/yun/opencv-4.1.0/build/CMakeFiles/CMakeScratch/TryCompile-5ulP9K

Run Build Command(s):/usr/bin/gmake -f Makefile cmTC_00f7a/fast && /usr/bin/gmake  -f CMakeFiles/cmTC_00f7a.dir/build.make CMakeFiles/cmTC_00f7a.dir/build
gmake[1]: Entering directory '/home/yun/opencv-4.1.0/build/CMakeFiles/CMakeScratch/TryCompile-5ulP9K'
Building CXX object CMakeFiles/cmTC_00f7a.dir/src.cxx.o
/usr/bin/c++ -DCXX_HAS_MFPU_NEON  -fsigned-char -W -Wall -Werror=return-type -Werror=non-virtual-dtor -Werror=address -Werror=sequence-point -Wformat -Werror=format-security -Wmissing-declarations -Wmissing-prototypes -Wstrict-prototypes -Wundef -Winit-self -Wpointer-arith -Wshadow -Wsign-promo -Wuninitialized -Winit-self -Wno-delete-non-virtual-dtor -Wno-comment -Wimplicit-fallthrough=3 -Wno-strict-overflow -fdiagnostics-show-option -pthread -fomit-frame-pointer -ffunction-sections -fdata-sections    -fvisibility=hidden -fvisibility-inlines-hidden -Wno-unused-function -funwind-tables -fweb -fwrapv -frename-registers -fsched2-use-superblocks -fsched2-use-traces -fsched-stalled-insns-dep=100 -fsched-stalled-insns=2  -O3 -DNDEBUG -fPIE   -mfpu=neon -std=c++11 -o CMakeFiles/cmTC_00f7a.dir/src.cxx.o -c /home/yun/opencv-4.1.0/build/CMakeFiles/CMakeScratch/TryCompile-5ulP9K/src.cxx
c++: error: unrecognized command-line option '-mfpu=neon'
gmake[1]: *** [CMakeFiles/cmTC_00f7a.dir/build.make:78: CMakeFiles/cmTC_00f7a.dir/src.cxx.o] Error 1
gmake[1]: Leaving directory '/home/yun/opencv-4.1.0/build/CMakeFiles/CMakeScratch/TryCompile-5ulP9K'
gmake: *** [Makefile:127: cmTC_00f7a/fast] Error 2


Source file was:
int main() { return 0; }

Performing C SOURCE FILE Test C_HAS_MFPU_NEON failed with the following output:
Change Dir: /home/yun/opencv-4.1.0/build/CMakeFiles/CMakeScratch/TryCompile-Xi7NUw

Run Build Command(s):/usr/bin/gmake -f Makefile cmTC_288b4/fast && /usr/bin/gmake  -f CMakeFiles/cmTC_288b4.dir/build.make CMakeFiles/cmTC_288b4.dir/build
gmake[1]: Entering directory '/home/yun/opencv-4.1.0/build/CMakeFiles/CMakeScratch/TryCompile-Xi7NUw'
Building C object CMakeFiles/cmTC_288b4.dir/src.c.o
/usr/bin/cc -DC_HAS_MFPU_NEON  -fsigned-char -W -Wall -Werror=return-type -Werror=non-virtual-dtor -Werror=address -Werror=sequence-point -Wformat -Werror=format-security -Wmissing-declarations -Wmissing-prototypes -Wstrict-prototypes -Wundef -Winit-self -Wpointer-arith -Wshadow -Wsign-promo -Wuninitialized -Winit-self -Wno-delete-non-virtual-dtor -Wno-comment -Wimplicit-fallthrough=3 -Wno-strict-overflow -fdiagnostics-show-option -pthread -fomit-frame-pointer -ffunction-sections -fdata-sections    -fvisibility=hidden -fvisibility-inlines-hidden -funwind-tables -fweb -fwrapv -frename-registers -fsched2-use-superblocks -fsched2-use-traces -fsched-stalled-insns-dep=100 -fsched-stalled-insns=2  -O3 -DNDEBUG -fPIE   -mfpu=neon -o CMakeFiles/cmTC_288b4.dir/src.c.o -c /home/yun/opencv-4.1.0/build/CMakeFiles/CMakeScratch/TryCompile-Xi7NUw/src.c
cc: error: unrecognized command-line option '-mfpu=neon'
gmake[1]: *** [CMakeFiles/cmTC_288b4.dir/build.make:78: CMakeFiles/cmTC_288b4.dir/src.c.o] Error 1
gmake[1]: Leaving directory '/home/yun/opencv-4.1.0/build/CMakeFiles/CMakeScratch/TryCompile-Xi7NUw'
gmake: *** [Makefile:127: cmTC_288b4/fast] Error 2


Source file was:
int main(void) { return 0; }

Determining if the include file sys/videoio.h exists failed with the following output:
Change Dir: /home/yun/opencv-4.1.0/build/CMakeFiles/CMakeScratch/TryCompile-feFMpX

Run Build Command(s):/usr/bin/gmake -f Makefile cmTC_09bf2/fast && /usr/bin/gmake  -f CMakeFiles/cmTC_09bf2.dir/build.make CMakeFiles/cmTC_09bf2.dir/build
gmake[1]: Entering directory '/home/yun/opencv-4.1.0/build/CMakeFiles/CMakeScratch/TryCompile-feFMpX'
Building C object CMakeFiles/cmTC_09bf2.dir/CheckIncludeFile.c.o
/usr/bin/cc   -fsigned-char -W -Wall -Werror=return-type -Werror=non-virtual-dtor -Werror=address -Werror=sequence-point -Wformat -Werror=format-security -Wmissing-declarations -Wmissing-prototypes -Wstrict-prototypes -Wundef -Winit-self -Wpointer-arith -Wshadow -Wsign-promo -Wuninitialized -Winit-self -Wno-delete-non-virtual-dtor -Wno-comment -Wimplicit-fallthrough=3 -Wno-strict-overflow -fdiagnostics-show-option -pthread -fomit-frame-pointer -ffunction-sections -fdata-sections    -fvisibility=hidden -fvisibility-inlines-hidden  -O3 -DNDEBUG -fPIE -o CMakeFiles/cmTC_09bf2.dir/CheckIncludeFile.c.o -c /home/yun/opencv-4.1.0/build/CMakeFiles/CMakeScratch/TryCompile-feFMpX/CheckIncludeFile.c
cc1: warning: ‘-Werror=’ argument ‘-Werror=non-virtual-dtor’ is not valid for C
cc1: warning: command-line option ‘-Wsign-promo’ is valid for C++/ObjC++ but not for C
cc1: warning: command-line option ‘-Wno-delete-non-virtual-dtor’ is valid for C++/ObjC++ but not for C
cc1: warning: command-line option ‘-fvisibility-inlines-hidden’ is valid for C++/ObjC++ but not for C
/home/yun/opencv-4.1.0/build/CMakeFiles/CMakeScratch/TryCompile-feFMpX/CheckIncludeFile.c:1:10: fatal error: sys/videoio.h: No such file or directory
    1 | #include <sys/videoio.h>
      |          ^~~~~~~~~~~~~~~
compilation terminated.
gmake[1]: *** [CMakeFiles/cmTC_09bf2.dir/build.make:78: CMakeFiles/cmTC_09bf2.dir/CheckIncludeFile.c.o] Error 1
gmake[1]: Leaving directory '/home/yun/opencv-4.1.0/build/CMakeFiles/CMakeScratch/TryCompile-feFMpX'
gmake: *** [Makefile:127: cmTC_09bf2/fast] Error 2



Build output check failed:
    Regex: 'unrecognized .*option'
    Output line: 'cc1plus: note: unrecognized command-line option ‘-Wno-unused-private-field’ may have been intended to silence earlier diagnostics'
Compilation failed:
    source file: '/home/yun/opencv-4.1.0/build/CMakeFiles/CMakeTmp/src.cxx'
    check option: ' -Wno-unused-private-field'
===== BUILD LOG =====
Change Dir: /home/yun/opencv-4.1.0/build/CMakeFiles/CMakeTmp

Run Build Command(s):/usr/bin/gmake -f Makefile cmTC_75a1b/fast && /usr/bin/gmake  -f CMakeFiles/cmTC_75a1b.dir/build.make CMakeFiles/cmTC_75a1b.dir/build
gmake[1]: Entering directory '/home/yun/opencv-4.1.0/build/CMakeFiles/CMakeTmp'
Building CXX object CMakeFiles/cmTC_75a1b.dir/src.cxx.o
/usr/bin/c++   -fsigned-char -W -Wall -Werror=return-type -Werror=non-virtual-dtor -Werror=address -Werror=sequence-point -Wformat -Werror=format-security -Wmissing-declarations -Wmissing-prototypes -Wstrict-prototypes -Wundef -Winit-self -Wpointer-arith -Wshadow -Wsign-promo -Wuninitialized -Winit-self -Wno-delete-non-virtual-dtor -Wno-comment -Wimplicit-fallthrough=3 -Wno-strict-overflow -fdiagnostics-show-option -pthread -fomit-frame-pointer -ffunction-sections -fdata-sections    -fvisibility=hidden -fvisibility-inlines-hidden -Wno-unused-function -Wno-deprecated-declarations -Wno-overloaded-virtual  -O3 -DNDEBUG -fPIE    -Wno-unused-private-field -std=c++11 -o CMakeFiles/cmTC_75a1b.dir/src.cxx.o -c /home/yun/opencv-4.1.0/build/CMakeFiles/CMakeTmp/src.cxx
cc1plus: warning: command-line option ‘-Wmissing-prototypes’ is valid for C/ObjC but not for C++
cc1plus: warning: command-line option ‘-Wstrict-prototypes’ is valid for C/ObjC but not for C++
/home/yun/opencv-4.1.0/build/CMakeFiles/CMakeTmp/src.cxx:1: warning: ignoring ‘#pragma  ’ [-Wunknown-pragmas]
    1 | #pragma
      | 
cc1plus: note: unrecognized command-line option ‘-Wno-unused-private-field’ may have been intended to silence earlier diagnostics
Linking CXX executable cmTC_75a1b
/usr/bin/cmake -E cmake_link_script CMakeFiles/cmTC_75a1b.dir/link.txt --verbose=1
/usr/bin/c++    -fsigned-char -W -Wall -Werror=return-type -Werror=non-virtual-dtor -Werror=address -Werror=sequence-point -Wformat -Werror=format-security -Wmissing-declarations -Wmissing-prototypes -Wstrict-prototypes -Wundef -Winit-self -Wpointer-arith -Wshadow -Wsign-promo -Wuninitialized -Winit-self -Wno-delete-non-virtual-dtor -Wno-comment -Wimplicit-fallthrough=3 -Wno-strict-overflow -fdiagnostics-show-option -pthread -fomit-frame-pointer -ffunction-sections -fdata-sections    -fvisibility=hidden -fvisibility-inlines-hidden -Wno-unused-function -Wno-deprecated-declarations -Wno-overloaded-virtual  -O3 -DNDEBUG   -Wl,--gc-sections  CMakeFiles/cmTC_75a1b.dir/src.cxx.o -o cmTC_75a1b 
gmake[1]: Leaving directory '/home/yun/opencv-4.1.0/build/CMakeFiles/CMakeTmp'


===== END =====

Determining if the CL_VERSION_3_0 exist failed with the following output:
Change Dir: /home/yun/opencv-4.1.0/build/CMakeFiles/CMakeScratch/TryCompile-rXoWfT

Run Build Command(s):/usr/bin/gmake -f Makefile cmTC_a9202/fast && /usr/bin/gmake  -f CMakeFiles/cmTC_a9202.dir/build.make CMakeFiles/cmTC_a9202.dir/build
gmake[1]: Entering directory '/home/yun/opencv-4.1.0/build/CMakeFiles/CMakeScratch/TryCompile-rXoWfT'
Building C object CMakeFiles/cmTC_a9202.dir/CheckSymbolExists.c.o
/usr/bin/cc   -fsigned-char -W -Wall    -Wformat -Wmissing-declarations -Wmissing-prototypes -Wstrict-prototypes -Wundef -Winit-self -Wpointer-arith -Wshadow -Wsign-promo -Wuninitialized -Winit-self -Wno-delete-non-virtual-dtor -Wno-comment -Wimplicit-fallthrough=3 -Wno-strict-overflow -fdiagnostics-show-option -pthread -fomit-frame-pointer -ffunction-sections -fdata-sections    -fvisibility=hidden -fvisibility-inlines-hidden  -O3 -DNDEBUG -fPIE -o CMakeFiles/cmTC_a9202.dir/CheckSymbolExists.c.o -c /home/yun/opencv-4.1.0/build/CMakeFiles/CMakeScratch/TryCompile-rXoWfT/CheckSymbolExists.c
cc1: warning: command-line option ‘-Wsign-promo’ is valid for C++/ObjC++ but not for C
cc1: warning: command-line option ‘-Wno-delete-non-virtual-dtor’ is valid for C++/ObjC++ but not for C
cc1: warning: command-line option ‘-fvisibility-inlines-hidden’ is valid for C++/ObjC++ but not for C
/home/yun/opencv-4.1.0/build/CMakeFiles/CMakeScratch/TryCompile-rXoWfT/CheckSymbolExists.c:2:10: fatal error: OpenCL_INCLUDE_DIR-NOTFOUND/CL/cl.h: No such file or directory
    2 | #include <OpenCL_INCLUDE_DIR-NOTFOUND/CL/cl.h>
      |          ^~~~~~~~~~~~~~~~~~~~~~~~~~~~~~~~~~~~~
compilation terminated.
gmake[1]: *** [CMakeFiles/cmTC_a9202.dir/build.make:78: CMakeFiles/cmTC_a9202.dir/CheckSymbolExists.c.o] Error 1
gmake[1]: Leaving directory '/home/yun/opencv-4.1.0/build/CMakeFiles/CMakeScratch/TryCompile-rXoWfT'
gmake: *** [Makefile:127: cmTC_a9202/fast] Error 2


File CheckSymbolExists.c:
/* */
#include <OpenCL_INCLUDE_DIR-NOTFOUND/CL/cl.h>

int main(int argc, char** argv)
{
  (void)argv;
#ifndef CL_VERSION_3_0
  return ((int*)(&CL_VERSION_3_0))[argc];
#else
  (void)argc;
  return 0;
#endif
}
Determining if the CL_VERSION_2_2 exist failed with the following output:
Change Dir: /home/yun/opencv-4.1.0/build/CMakeFiles/CMakeScratch/TryCompile-HxHwfF

Run Build Command(s):/usr/bin/gmake -f Makefile cmTC_66f82/fast && /usr/bin/gmake  -f CMakeFiles/cmTC_66f82.dir/build.make CMakeFiles/cmTC_66f82.dir/build
gmake[1]: Entering directory '/home/yun/opencv-4.1.0/build/CMakeFiles/CMakeScratch/TryCompile-HxHwfF'
Building C object CMakeFiles/cmTC_66f82.dir/CheckSymbolExists.c.o
/usr/bin/cc   -fsigned-char -W -Wall    -Wformat -Wmissing-declarations -Wmissing-prototypes -Wstrict-prototypes -Wundef -Winit-self -Wpointer-arith -Wshadow -Wsign-promo -Wuninitialized -Winit-self -Wno-delete-non-virtual-dtor -Wno-comment -Wimplicit-fallthrough=3 -Wno-strict-overflow -fdiagnostics-show-option -pthread -fomit-frame-pointer -ffunction-sections -fdata-sections    -fvisibility=hidden -fvisibility-inlines-hidden  -O3 -DNDEBUG -fPIE -o CMakeFiles/cmTC_66f82.dir/CheckSymbolExists.c.o -c /home/yun/opencv-4.1.0/build/CMakeFiles/CMakeScratch/TryCompile-HxHwfF/CheckSymbolExists.c
cc1: warning: command-line option ‘-Wsign-promo’ is valid for C++/ObjC++ but not for C
cc1: warning: command-line option ‘-Wno-delete-non-virtual-dtor’ is valid for C++/ObjC++ but not for C
cc1: warning: command-line option ‘-fvisibility-inlines-hidden’ is valid for C++/ObjC++ but not for C
/home/yun/opencv-4.1.0/build/CMakeFiles/CMakeScratch/TryCompile-HxHwfF/CheckSymbolExists.c:2:10: fatal error: OpenCL_INCLUDE_DIR-NOTFOUND/CL/cl.h: No such file or directory
    2 | #include <OpenCL_INCLUDE_DIR-NOTFOUND/CL/cl.h>
      |          ^~~~~~~~~~~~~~~~~~~~~~~~~~~~~~~~~~~~~
compilation terminated.
gmake[1]: *** [CMakeFiles/cmTC_66f82.dir/build.make:78: CMakeFiles/cmTC_66f82.dir/CheckSymbolExists.c.o] Error 1
gmake[1]: Leaving directory '/home/yun/opencv-4.1.0/build/CMakeFiles/CMakeScratch/TryCompile-HxHwfF'
gmake: *** [Makefile:127: cmTC_66f82/fast] Error 2


File CheckSymbolExists.c:
/* */
#include <OpenCL_INCLUDE_DIR-NOTFOUND/CL/cl.h>

int main(int argc, char** argv)
{
  (void)argv;
#ifndef CL_VERSION_2_2
  return ((int*)(&CL_VERSION_2_2))[argc];
#else
  (void)argc;
  return 0;
#endif
}
Determining if the CL_VERSION_2_1 exist failed with the following output:
Change Dir: /home/yun/opencv-4.1.0/build/CMakeFiles/CMakeScratch/TryCompile-4MmzbK

Run Build Command(s):/usr/bin/gmake -f Makefile cmTC_57454/fast && /usr/bin/gmake  -f CMakeFiles/cmTC_57454.dir/build.make CMakeFiles/cmTC_57454.dir/build
gmake[1]: Entering directory '/home/yun/opencv-4.1.0/build/CMakeFiles/CMakeScratch/TryCompile-4MmzbK'
Building C object CMakeFiles/cmTC_57454.dir/CheckSymbolExists.c.o
/usr/bin/cc   -fsigned-char -W -Wall    -Wformat -Wmissing-declarations -Wmissing-prototypes -Wstrict-prototypes -Wundef -Winit-self -Wpointer-arith -Wshadow -Wsign-promo -Wuninitialized -Winit-self -Wno-delete-non-virtual-dtor -Wno-comment -Wimplicit-fallthrough=3 -Wno-strict-overflow -fdiagnostics-show-option -pthread -fomit-frame-pointer -ffunction-sections -fdata-sections    -fvisibility=hidden -fvisibility-inlines-hidden  -O3 -DNDEBUG -fPIE -o CMakeFiles/cmTC_57454.dir/CheckSymbolExists.c.o -c /home/yun/opencv-4.1.0/build/CMakeFiles/CMakeScratch/TryCompile-4MmzbK/CheckSymbolExists.c
cc1: warning: command-line option ‘-Wsign-promo’ is valid for C++/ObjC++ but not for C
cc1: warning: command-line option ‘-Wno-delete-non-virtual-dtor’ is valid for C++/ObjC++ but not for C
cc1: warning: command-line option ‘-fvisibility-inlines-hidden’ is valid for C++/ObjC++ but not for C
/home/yun/opencv-4.1.0/build/CMakeFiles/CMakeScratch/TryCompile-4MmzbK/CheckSymbolExists.c:2:10: fatal error: OpenCL_INCLUDE_DIR-NOTFOUND/CL/cl.h: No such file or directory
    2 | #include <OpenCL_INCLUDE_DIR-NOTFOUND/CL/cl.h>
      |          ^~~~~~~~~~~~~~~~~~~~~~~~~~~~~~~~~~~~~
compilation terminated.
gmake[1]: *** [CMakeFiles/cmTC_57454.dir/build.make:78: CMakeFiles/cmTC_57454.dir/CheckSymbolExists.c.o] Error 1
gmake[1]: Leaving directory '/home/yun/opencv-4.1.0/build/CMakeFiles/CMakeScratch/TryCompile-4MmzbK'
gmake: *** [Makefile:127: cmTC_57454/fast] Error 2


File CheckSymbolExists.c:
/* */
#include <OpenCL_INCLUDE_DIR-NOTFOUND/CL/cl.h>

int main(int argc, char** argv)
{
  (void)argv;
#ifndef CL_VERSION_2_1
  return ((int*)(&CL_VERSION_2_1))[argc];
#else
  (void)argc;
  return 0;
#endif
}
Determining if the CL_VERSION_2_0 exist failed with the following output:
Change Dir: /home/yun/opencv-4.1.0/build/CMakeFiles/CMakeScratch/TryCompile-4sTGuq

Run Build Command(s):/usr/bin/gmake -f Makefile cmTC_d88fd/fast && /usr/bin/gmake  -f CMakeFiles/cmTC_d88fd.dir/build.make CMakeFiles/cmTC_d88fd.dir/build
gmake[1]: Entering directory '/home/yun/opencv-4.1.0/build/CMakeFiles/CMakeScratch/TryCompile-4sTGuq'
Building C object CMakeFiles/cmTC_d88fd.dir/CheckSymbolExists.c.o
/usr/bin/cc   -fsigned-char -W -Wall    -Wformat -Wmissing-declarations -Wmissing-prototypes -Wstrict-prototypes -Wundef -Winit-self -Wpointer-arith -Wshadow -Wsign-promo -Wuninitialized -Winit-self -Wno-delete-non-virtual-dtor -Wno-comment -Wimplicit-fallthrough=3 -Wno-strict-overflow -fdiagnostics-show-option -pthread -fomit-frame-pointer -ffunction-sections -fdata-sections    -fvisibility=hidden -fvisibility-inlines-hidden  -O3 -DNDEBUG -fPIE -o CMakeFiles/cmTC_d88fd.dir/CheckSymbolExists.c.o -c /home/yun/opencv-4.1.0/build/CMakeFiles/CMakeScratch/TryCompile-4sTGuq/CheckSymbolExists.c
cc1: warning: command-line option ‘-Wsign-promo’ is valid for C++/ObjC++ but not for C
cc1: warning: command-line option ‘-Wno-delete-non-virtual-dtor’ is valid for C++/ObjC++ but not for C
cc1: warning: command-line option ‘-fvisibility-inlines-hidden’ is valid for C++/ObjC++ but not for C
/home/yun/opencv-4.1.0/build/CMakeFiles/CMakeScratch/TryCompile-4sTGuq/CheckSymbolExists.c:2:10: fatal error: OpenCL_INCLUDE_DIR-NOTFOUND/CL/cl.h: No such file or directory
    2 | #include <OpenCL_INCLUDE_DIR-NOTFOUND/CL/cl.h>
      |          ^~~~~~~~~~~~~~~~~~~~~~~~~~~~~~~~~~~~~
compilation terminated.
gmake[1]: *** [CMakeFiles/cmTC_d88fd.dir/build.make:78: CMakeFiles/cmTC_d88fd.dir/CheckSymbolExists.c.o] Error 1
gmake[1]: Leaving directory '/home/yun/opencv-4.1.0/build/CMakeFiles/CMakeScratch/TryCompile-4sTGuq'
gmake: *** [Makefile:127: cmTC_d88fd/fast] Error 2


File CheckSymbolExists.c:
/* */
#include <OpenCL_INCLUDE_DIR-NOTFOUND/CL/cl.h>

int main(int argc, char** argv)
{
  (void)argv;
#ifndef CL_VERSION_2_0
  return ((int*)(&CL_VERSION_2_0))[argc];
#else
  (void)argc;
  return 0;
#endif
}
Determining if the CL_VERSION_1_2 exist failed with the following output:
Change Dir: /home/yun/opencv-4.1.0/build/CMakeFiles/CMakeScratch/TryCompile-3vzH6u

Run Build Command(s):/usr/bin/gmake -f Makefile cmTC_201bf/fast && /usr/bin/gmake  -f CMakeFiles/cmTC_201bf.dir/build.make CMakeFiles/cmTC_201bf.dir/build
gmake[1]: Entering directory '/home/yun/opencv-4.1.0/build/CMakeFiles/CMakeScratch/TryCompile-3vzH6u'
Building C object CMakeFiles/cmTC_201bf.dir/CheckSymbolExists.c.o
/usr/bin/cc   -fsigned-char -W -Wall    -Wformat -Wmissing-declarations -Wmissing-prototypes -Wstrict-prototypes -Wundef -Winit-self -Wpointer-arith -Wshadow -Wsign-promo -Wuninitialized -Winit-self -Wno-delete-non-virtual-dtor -Wno-comment -Wimplicit-fallthrough=3 -Wno-strict-overflow -fdiagnostics-show-option -pthread -fomit-frame-pointer -ffunction-sections -fdata-sections    -fvisibility=hidden -fvisibility-inlines-hidden  -O3 -DNDEBUG -fPIE -o CMakeFiles/cmTC_201bf.dir/CheckSymbolExists.c.o -c /home/yun/opencv-4.1.0/build/CMakeFiles/CMakeScratch/TryCompile-3vzH6u/CheckSymbolExists.c
cc1: warning: command-line option ‘-Wsign-promo’ is valid for C++/ObjC++ but not for C
cc1: warning: command-line option ‘-Wno-delete-non-virtual-dtor’ is valid for C++/ObjC++ but not for C
cc1: warning: command-line option ‘-fvisibility-inlines-hidden’ is valid for C++/ObjC++ but not for C
/home/yun/opencv-4.1.0/build/CMakeFiles/CMakeScratch/TryCompile-3vzH6u/CheckSymbolExists.c:2:10: fatal error: OpenCL_INCLUDE_DIR-NOTFOUND/CL/cl.h: No such file or directory
    2 | #include <OpenCL_INCLUDE_DIR-NOTFOUND/CL/cl.h>
      |          ^~~~~~~~~~~~~~~~~~~~~~~~~~~~~~~~~~~~~
compilation terminated.
gmake[1]: *** [CMakeFiles/cmTC_201bf.dir/build.make:78: CMakeFiles/cmTC_201bf.dir/CheckSymbolExists.c.o] Error 1
gmake[1]: Leaving directory '/home/yun/opencv-4.1.0/build/CMakeFiles/CMakeScratch/TryCompile-3vzH6u'
gmake: *** [Makefile:127: cmTC_201bf/fast] Error 2


File CheckSymbolExists.c:
/* */
#include <OpenCL_INCLUDE_DIR-NOTFOUND/CL/cl.h>

int main(int argc, char** argv)
{
  (void)argv;
#ifndef CL_VERSION_1_2
  return ((int*)(&CL_VERSION_1_2))[argc];
#else
  (void)argc;
  return 0;
#endif
}
Determining if the CL_VERSION_1_1 exist failed with the following output:
Change Dir: /home/yun/opencv-4.1.0/build/CMakeFiles/CMakeScratch/TryCompile-XHaxAC

Run Build Command(s):/usr/bin/gmake -f Makefile cmTC_45cd5/fast && /usr/bin/gmake  -f CMakeFiles/cmTC_45cd5.dir/build.make CMakeFiles/cmTC_45cd5.dir/build
gmake[1]: Entering directory '/home/yun/opencv-4.1.0/build/CMakeFiles/CMakeScratch/TryCompile-XHaxAC'
Building C object CMakeFiles/cmTC_45cd5.dir/CheckSymbolExists.c.o
/usr/bin/cc   -fsigned-char -W -Wall    -Wformat -Wmissing-declarations -Wmissing-prototypes -Wstrict-prototypes -Wundef -Winit-self -Wpointer-arith -Wshadow -Wsign-promo -Wuninitialized -Winit-self -Wno-delete-non-virtual-dtor -Wno-comment -Wimplicit-fallthrough=3 -Wno-strict-overflow -fdiagnostics-show-option -pthread -fomit-frame-pointer -ffunction-sections -fdata-sections    -fvisibility=hidden -fvisibility-inlines-hidden  -O3 -DNDEBUG -fPIE -o CMakeFiles/cmTC_45cd5.dir/CheckSymbolExists.c.o -c /home/yun/opencv-4.1.0/build/CMakeFiles/CMakeScratch/TryCompile-XHaxAC/CheckSymbolExists.c
cc1: warning: command-line option ‘-Wsign-promo’ is valid for C++/ObjC++ but not for C
cc1: warning: command-line option ‘-Wno-delete-non-virtual-dtor’ is valid for C++/ObjC++ but not for C
cc1: warning: command-line option ‘-fvisibility-inlines-hidden’ is valid for C++/ObjC++ but not for C
/home/yun/opencv-4.1.0/build/CMakeFiles/CMakeScratch/TryCompile-XHaxAC/CheckSymbolExists.c:2:10: fatal error: OpenCL_INCLUDE_DIR-NOTFOUND/CL/cl.h: No such file or directory
    2 | #include <OpenCL_INCLUDE_DIR-NOTFOUND/CL/cl.h>
      |          ^~~~~~~~~~~~~~~~~~~~~~~~~~~~~~~~~~~~~
compilation terminated.
gmake[1]: *** [CMakeFiles/cmTC_45cd5.dir/build.make:78: CMakeFiles/cmTC_45cd5.dir/CheckSymbolExists.c.o] Error 1
gmake[1]: Leaving directory '/home/yun/opencv-4.1.0/build/CMakeFiles/CMakeScratch/TryCompile-XHaxAC'
gmake: *** [Makefile:127: cmTC_45cd5/fast] Error 2


File CheckSymbolExists.c:
/* */
#include <OpenCL_INCLUDE_DIR-NOTFOUND/CL/cl.h>

int main(int argc, char** argv)
{
  (void)argv;
#ifndef CL_VERSION_1_1
  return ((int*)(&CL_VERSION_1_1))[argc];
#else
  (void)argc;
  return 0;
#endif
}
Determining if the CL_VERSION_1_0 exist failed with the following output:
Change Dir: /home/yun/opencv-4.1.0/build/CMakeFiles/CMakeScratch/TryCompile-7VLGtw

Run Build Command(s):/usr/bin/gmake -f Makefile cmTC_b1828/fast && /usr/bin/gmake  -f CMakeFiles/cmTC_b1828.dir/build.make CMakeFiles/cmTC_b1828.dir/build
gmake[1]: Entering directory '/home/yun/opencv-4.1.0/build/CMakeFiles/CMakeScratch/TryCompile-7VLGtw'
Building C object CMakeFiles/cmTC_b1828.dir/CheckSymbolExists.c.o
/usr/bin/cc   -fsigned-char -W -Wall    -Wformat -Wmissing-declarations -Wmissing-prototypes -Wstrict-prototypes -Wundef -Winit-self -Wpointer-arith -Wshadow -Wsign-promo -Wuninitialized -Winit-self -Wno-delete-non-virtual-dtor -Wno-comment -Wimplicit-fallthrough=3 -Wno-strict-overflow -fdiagnostics-show-option -pthread -fomit-frame-pointer -ffunction-sections -fdata-sections    -fvisibility=hidden -fvisibility-inlines-hidden  -O3 -DNDEBUG -fPIE -o CMakeFiles/cmTC_b1828.dir/CheckSymbolExists.c.o -c /home/yun/opencv-4.1.0/build/CMakeFiles/CMakeScratch/TryCompile-7VLGtw/CheckSymbolExists.c
cc1: warning: command-line option ‘-Wsign-promo’ is valid for C++/ObjC++ but not for C
cc1: warning: command-line option ‘-Wno-delete-non-virtual-dtor’ is valid for C++/ObjC++ but not for C
cc1: warning: command-line option ‘-fvisibility-inlines-hidden’ is valid for C++/ObjC++ but not for C
/home/yun/opencv-4.1.0/build/CMakeFiles/CMakeScratch/TryCompile-7VLGtw/CheckSymbolExists.c:2:10: fatal error: OpenCL_INCLUDE_DIR-NOTFOUND/CL/cl.h: No such file or directory
    2 | #include <OpenCL_INCLUDE_DIR-NOTFOUND/CL/cl.h>
      |          ^~~~~~~~~~~~~~~~~~~~~~~~~~~~~~~~~~~~~
compilation terminated.
gmake[1]: *** [CMakeFiles/cmTC_b1828.dir/build.make:78: CMakeFiles/cmTC_b1828.dir/CheckSymbolExists.c.o] Error 1
gmake[1]: Leaving directory '/home/yun/opencv-4.1.0/build/CMakeFiles/CMakeScratch/TryCompile-7VLGtw'
gmake: *** [Makefile:127: cmTC_b1828/fast] Error 2


File CheckSymbolExists.c:
/* */
#include <OpenCL_INCLUDE_DIR-NOTFOUND/CL/cl.h>

int main(int argc, char** argv)
{
  (void)argv;
#ifndef CL_VERSION_1_0
  return ((int*)(&CL_VERSION_1_0))[argc];
#else
  (void)argc;
  return 0;
#endif
}
